#
# There is insufficient memory for the Java Runtime Environment to continue.
# Native memory allocation (malloc) failed to allocate 1048576 bytes for AllocateHeap
# Possible reasons:
#   The system is out of physical RAM or swap space
#   The process is running with CompressedOops enabled, and the Java Heap may be blocking the growth of the native heap
# Possible solutions:
#   Reduce memory load on the system
#   Increase physical memory or swap space
#   Check if swap backing store is full
#   Decrease Java heap size (-Xmx/-Xms)
#   Decrease number of Java threads
#   Decrease Java thread stack sizes (-Xss)
#   Set larger code cache with -XX:ReservedCodeCacheSize=
#   JVM is running with Unscaled Compressed Oops mode in which the Java heap is
#     placed in the first 4GB address space. The Java Heap base address is the
#     maximum limit for the native heap growth. Please use -XX:HeapBaseMinAddress
#     to set the Java Heap base and to place the Java Heap above 4GB virtual address.
# This output file may be truncated or incomplete.
#
#  Out of Memory Error (./src/hotspot/share/memory/allocation.cpp:46), pid=12508, tid=11380
#
# JRE version: OpenJDK Runtime Environment (11.0.10) (build 11.0.10+0-b96-7249189)
# Java VM: OpenJDK 64-Bit Server VM (11.0.10+0-b96-7249189, mixed mode, tiered, compressed oops, g1 gc, windows-amd64)
# No core dump will be written. Minidumps are not enabled by default on client versions of Windows
#

---------------  S U M M A R Y ------------

Command Line: -Dorg.gradle.appname=gradlew org.gradle.wrapper.GradleWrapperMain -q -Ptarget-platform=android-arm -Ptarget=C:\Users\Vyacheslav Kovalchuk\Desktop\Templates\traver_app\lib\main.dart -Pbase-application-name=android.app.Application -Pdart-defines=RkxVVFRFUl9XRUJfQVVUT19ERVRFQ1Q9dHJ1ZQ== -Pdart-obfuscation=false -Ptrack-widget-creation=true -Ptree-shake-icons=false -Pfilesystem-scheme=org-dartlang-root assembleDebug

Host: Intel(R) Core(TM) i5-4310M CPU @ 2.70GHz, 4 cores, 7G,  Windows 10 , 64 bit Build 22000 (10.0.22000.708)
Time: Tue Oct 18 17:40:46 2022 FLE Summer Time elapsed time: 0.442799 seconds (0d 0h 0m 0s)

---------------  T H R E A D  ---------------

Current thread (0x000002a8fef47000):  VMThread "VM Thread" [stack: 0x000000fcc8000000,0x000000fcc8100000] [id=11380]

Stack: [0x000000fcc8000000,0x000000fcc8100000]
[error occurred during error reporting (printing stack bounds), id 0xc0000005, EXCEPTION_ACCESS_VIOLATION (0xc0000005) at pc=0x000002a8e8f60f2d]

Native frames: (J=compiled Java code, j=interpreted, Vv=VM code, C=native code)
V  [jvm.dll+0x5ecfaa]
V  [jvm.dll+0x722bd5]
V  [jvm.dll+0x72412d]
V  [jvm.dll+0x724745]
V  [jvm.dll+0x7246fb]
V  [jvm.dll+0x5ec348]
V  [jvm.dll+0x5ecad8]
C  [ntdll.dll+0xa8b1f]
C  [ntdll.dll+0x35b9a]
C  [ntdll.dll+0xa7b2e]
C  0x000002a8e8f60f2d

VM_Operation (0x000000fcc79fe950): CollectForMetadataAllocation, mode: safepoint, requested by thread 0x000002a8e5471000


---------------  P R O C E S S  ---------------

Threads class SMR info:
_java_thread_list=0x000002a8ffa33f80, length=10, elements={
0x000002a8e5471000, 0x000002a8fef6c800, 0x000002a8fef6d800, 0x000002a8fef89800,
0x000002a8fef90800, 0x000002a8fef91800, 0x000002a8fef94000, 0x000002a8fef95800,
0x000002a8fefae000, 0x000002a8ffa41800
}

Java Threads: ( => current thread )
  0x000002a8e5471000 JavaThread "main" [_thread_blocked, id=2876, stack(0x000000fcc7900000,0x000000fcc7a00000)]
  0x000002a8fef6c800 JavaThread "Reference Handler" daemon [_thread_blocked, id=3312, stack(0x000000fcc8100000,0x000000fcc8200000)]
  0x000002a8fef6d800 JavaThread "Finalizer" daemon [_thread_blocked, id=13072, stack(0x000000fcc8200000,0x000000fcc8300000)]
  0x000002a8fef89800 JavaThread "Signal Dispatcher" daemon [_thread_blocked, id=6692, stack(0x000000fcc8300000,0x000000fcc8400000)]
  0x000002a8fef90800 JavaThread "Attach Listener" daemon [_thread_blocked, id=12904, stack(0x000000fcc8400000,0x000000fcc8500000)]
  0x000002a8fef91800 JavaThread "Service Thread" daemon [_thread_blocked, id=3040, stack(0x000000fcc8500000,0x000000fcc8600000)]
  0x000002a8fef94000 JavaThread "C2 CompilerThread0" daemon [_thread_blocked, id=11292, stack(0x000000fcc8600000,0x000000fcc8700000)]
  0x000002a8fef95800 JavaThread "C1 CompilerThread0" daemon [_thread_blocked, id=2368, stack(0x000000fcc8700000,0x000000fcc8800000)]
  0x000002a8fefae000 JavaThread "Sweeper thread" daemon [_thread_blocked, id=1280, stack(0x000000fcc8800000,0x000000fcc8900000)]
  0x000002a8ffa41800 JavaThread "Common-Cleaner" daemon [_thread_blocked, id=2664, stack(0x000000fcc8a00000,0x000000fcc8b00000)]

Other Threads:
=>0x000002a8fef47000 VMThread "VM Thread" [stack: 0x000000fcc8000000,0x000000fcc8100000] [id=11380]
  0x000002a8ffa3b000 WatcherThread [stack: 0x000000fcc8900000,0x000000fcc8a00000] [id=5888]
  0x000002a8e5489800 GCTaskThread "GC Thread#0" [stack: 0x000000fcc7b00000,0x000000fcc7c00000] [id=8608]
  0x000002a8ffa65000 GCTaskThread "GC Thread#1" [stack: 0x000000fcc8b00000,0x000000fcc8c00000] [id=5380]
  0x000002a8ffab3000 GCTaskThread "GC Thread#2" [stack: 0x000000fcc8c00000,0x000000fcc8d00000] [id=7332]
  0x000002a8e54b9800 ConcurrentGCThread "G1 Main Marker" [stack: 0x000000fcc7c00000,0x000000fcc7d00000] [id=2292]
  0x000002a8e54bb800 ConcurrentGCThread "G1 Conc#0" [stack: 0x000000fcc7d00000,0x000000fcc7e00000] [id=7024]
  0x000002a8e554c800 ConcurrentGCThread "G1 Refine#0" [stack: 0x000000fcc7e00000,0x000000fcc7f00000] [id=14240]
  0x000002a8e554d800 ConcurrentGCThread "G1 Young RemSet Sampling" [stack: 0x000000fcc7f00000,0x000000fcc8000000] [id=1228]

Threads with active compile tasks:

VM state:at safepoint (normal execution)

VM Mutex/Monitor currently owned by a thread:  ([mutex/lock_event])
[0x000002a8e546c610] Threads_lock - owner thread: 0x000002a8fef47000
[0x000002a8e546d8a0] Heap_lock - owner thread: 0x000002a8e5471000

Heap address: 0x0000000081c00000, size: 2020 MB, Compressed Oops mode: 32-bit
Narrow klass base: 0x0000000000000000, Narrow klass shift: 3
Compressed class space size: 1073741824 Address: 0x0000000100000000

Heap:
 garbage-first heap   total 131072K, used 719K [0x0000000081c00000, 0x0000000100000000)
  region size 1024K, 1 young (1024K), 1 survivors (1024K)
 Metaspace       used 5846K, capacity 5897K, committed 6016K, reserved 1064960K
  class space    used 501K, capacity 537K, committed 640K, reserved 1048576K
Heap Regions: E=young(eden), S=young(survivor), O=old, HS=humongous(starts), HC=humongous(continues), CS=collection set, F=free, A=archive, TAMS=top-at-mark-start (previous, next)
|   0|0x0000000081c00000, 0x0000000081c00000, 0x0000000081d00000|  0%| F|  |TAMS 0x0000000081c00000, 0x0000000081c00000| Untracked 
|   1|0x0000000081d00000, 0x0000000081d00000, 0x0000000081e00000|  0%| F|  |TAMS 0x0000000081d00000, 0x0000000081d00000| Untracked 
|   2|0x0000000081e00000, 0x0000000081e00000, 0x0000000081f00000|  0%| F|  |TAMS 0x0000000081e00000, 0x0000000081e00000| Untracked 
|   3|0x0000000081f00000, 0x0000000081f00000, 0x0000000082000000|  0%| F|  |TAMS 0x0000000081f00000, 0x0000000081f00000| Untracked 
|   4|0x0000000082000000, 0x0000000082000000, 0x0000000082100000|  0%| F|  |TAMS 0x0000000082000000, 0x0000000082000000| Untracked 
|   5|0x0000000082100000, 0x0000000082100000, 0x0000000082200000|  0%| F|  |TAMS 0x0000000082100000, 0x0000000082100000| Untracked 
|   6|0x0000000082200000, 0x0000000082200000, 0x0000000082300000|  0%| F|  |TAMS 0x0000000082200000, 0x0000000082200000| Untracked 
|   7|0x0000000082300000, 0x0000000082300000, 0x0000000082400000|  0%| F|  |TAMS 0x0000000082300000, 0x0000000082300000| Untracked 
|   8|0x0000000082400000, 0x0000000082400000, 0x0000000082500000|  0%| F|  |TAMS 0x0000000082400000, 0x0000000082400000| Untracked 
|   9|0x0000000082500000, 0x0000000082500000, 0x0000000082600000|  0%| F|  |TAMS 0x0000000082500000, 0x0000000082500000| Untracked 
|  10|0x0000000082600000, 0x0000000082600000, 0x0000000082700000|  0%| F|  |TAMS 0x0000000082600000, 0x0000000082600000| Untracked 
|  11|0x0000000082700000, 0x0000000082700000, 0x0000000082800000|  0%| F|  |TAMS 0x0000000082700000, 0x0000000082700000| Untracked 
|  12|0x0000000082800000, 0x0000000082800000, 0x0000000082900000|  0%| F|  |TAMS 0x0000000082800000, 0x0000000082800000| Untracked 
|  13|0x0000000082900000, 0x0000000082900000, 0x0000000082a00000|  0%| F|  |TAMS 0x0000000082900000, 0x0000000082900000| Untracked 
|  14|0x0000000082a00000, 0x0000000082a00000, 0x0000000082b00000|  0%| F|  |TAMS 0x0000000082a00000, 0x0000000082a00000| Untracked 
|  15|0x0000000082b00000, 0x0000000082b00000, 0x0000000082c00000|  0%| F|  |TAMS 0x0000000082b00000, 0x0000000082b00000| Untracked 
|  16|0x0000000082c00000, 0x0000000082c00000, 0x0000000082d00000|  0%| F|  |TAMS 0x0000000082c00000, 0x0000000082c00000| Untracked 
|  17|0x0000000082d00000, 0x0000000082d00000, 0x0000000082e00000|  0%| F|  |TAMS 0x0000000082d00000, 0x0000000082d00000| Untracked 
|  18|0x0000000082e00000, 0x0000000082e00000, 0x0000000082f00000|  0%| F|  |TAMS 0x0000000082e00000, 0x0000000082e00000| Untracked 
|  19|0x0000000082f00000, 0x0000000082f00000, 0x0000000083000000|  0%| F|  |TAMS 0x0000000082f00000, 0x0000000082f00000| Untracked 
|  20|0x0000000083000000, 0x0000000083000000, 0x0000000083100000|  0%| F|  |TAMS 0x0000000083000000, 0x0000000083000000| Untracked 
|  21|0x0000000083100000, 0x0000000083100000, 0x0000000083200000|  0%| F|  |TAMS 0x0000000083100000, 0x0000000083100000| Untracked 
|  22|0x0000000083200000, 0x0000000083200000, 0x0000000083300000|  0%| F|  |TAMS 0x0000000083200000, 0x0000000083200000| Untracked 
|  23|0x0000000083300000, 0x0000000083300000, 0x0000000083400000|  0%| F|  |TAMS 0x0000000083300000, 0x0000000083300000| Untracked 
|  24|0x0000000083400000, 0x0000000083400000, 0x0000000083500000|  0%| F|  |TAMS 0x0000000083400000, 0x0000000083400000| Untracked 
|  25|0x0000000083500000, 0x0000000083500000, 0x0000000083600000|  0%| F|  |TAMS 0x0000000083500000, 0x0000000083500000| Untracked 
|  26|0x0000000083600000, 0x0000000083600000, 0x0000000083700000|  0%| F|  |TAMS 0x0000000083600000, 0x0000000083600000| Untracked 
|  27|0x0000000083700000, 0x0000000083700000, 0x0000000083800000|  0%| F|  |TAMS 0x0000000083700000, 0x0000000083700000| Untracked 
|  28|0x0000000083800000, 0x0000000083800000, 0x0000000083900000|  0%| F|  |TAMS 0x0000000083800000, 0x0000000083800000| Untracked 
|  29|0x0000000083900000, 0x0000000083900000, 0x0000000083a00000|  0%| F|  |TAMS 0x0000000083900000, 0x0000000083900000| Untracked 
|  30|0x0000000083a00000, 0x0000000083a00000, 0x0000000083b00000|  0%| F|  |TAMS 0x0000000083a00000, 0x0000000083a00000| Untracked 
|  31|0x0000000083b00000, 0x0000000083b00000, 0x0000000083c00000|  0%| F|  |TAMS 0x0000000083b00000, 0x0000000083b00000| Untracked 
|  32|0x0000000083c00000, 0x0000000083c00000, 0x0000000083d00000|  0%| F|  |TAMS 0x0000000083c00000, 0x0000000083c00000| Untracked 
|  33|0x0000000083d00000, 0x0000000083d00000, 0x0000000083e00000|  0%| F|  |TAMS 0x0000000083d00000, 0x0000000083d00000| Untracked 
|  34|0x0000000083e00000, 0x0000000083e00000, 0x0000000083f00000|  0%| F|  |TAMS 0x0000000083e00000, 0x0000000083e00000| Untracked 
|  35|0x0000000083f00000, 0x0000000083f00000, 0x0000000084000000|  0%| F|  |TAMS 0x0000000083f00000, 0x0000000083f00000| Untracked 
|  36|0x0000000084000000, 0x0000000084000000, 0x0000000084100000|  0%| F|  |TAMS 0x0000000084000000, 0x0000000084000000| Untracked 
|  37|0x0000000084100000, 0x0000000084100000, 0x0000000084200000|  0%| F|  |TAMS 0x0000000084100000, 0x0000000084100000| Untracked 
|  38|0x0000000084200000, 0x0000000084200000, 0x0000000084300000|  0%| F|  |TAMS 0x0000000084200000, 0x0000000084200000| Untracked 
|  39|0x0000000084300000, 0x0000000084300000, 0x0000000084400000|  0%| F|  |TAMS 0x0000000084300000, 0x0000000084300000| Untracked 
|  40|0x0000000084400000, 0x0000000084400000, 0x0000000084500000|  0%| F|  |TAMS 0x0000000084400000, 0x0000000084400000| Untracked 
|  41|0x0000000084500000, 0x0000000084500000, 0x0000000084600000|  0%| F|  |TAMS 0x0000000084500000, 0x0000000084500000| Untracked 
|  42|0x0000000084600000, 0x0000000084600000, 0x0000000084700000|  0%| F|  |TAMS 0x0000000084600000, 0x0000000084600000| Untracked 
|  43|0x0000000084700000, 0x0000000084700000, 0x0000000084800000|  0%| F|  |TAMS 0x0000000084700000, 0x0000000084700000| Untracked 
|  44|0x0000000084800000, 0x0000000084800000, 0x0000000084900000|  0%| F|  |TAMS 0x0000000084800000, 0x0000000084800000| Untracked 
|  45|0x0000000084900000, 0x0000000084900000, 0x0000000084a00000|  0%| F|  |TAMS 0x0000000084900000, 0x0000000084900000| Untracked 
|  46|0x0000000084a00000, 0x0000000084a00000, 0x0000000084b00000|  0%| F|  |TAMS 0x0000000084a00000, 0x0000000084a00000| Untracked 
|  47|0x0000000084b00000, 0x0000000084b00000, 0x0000000084c00000|  0%| F|  |TAMS 0x0000000084b00000, 0x0000000084b00000| Untracked 
|  48|0x0000000084c00000, 0x0000000084c00000, 0x0000000084d00000|  0%| F|  |TAMS 0x0000000084c00000, 0x0000000084c00000| Untracked 
|  49|0x0000000084d00000, 0x0000000084d00000, 0x0000000084e00000|  0%| F|  |TAMS 0x0000000084d00000, 0x0000000084d00000| Untracked 
|  50|0x0000000084e00000, 0x0000000084e00000, 0x0000000084f00000|  0%| F|  |TAMS 0x0000000084e00000, 0x0000000084e00000| Untracked 
|  51|0x0000000084f00000, 0x0000000084f00000, 0x0000000085000000|  0%| F|  |TAMS 0x0000000084f00000, 0x0000000084f00000| Untracked 
|  52|0x0000000085000000, 0x0000000085000000, 0x0000000085100000|  0%| F|  |TAMS 0x0000000085000000, 0x0000000085000000| Untracked 
|  53|0x0000000085100000, 0x0000000085100000, 0x0000000085200000|  0%| F|  |TAMS 0x0000000085100000, 0x0000000085100000| Untracked 
|  54|0x0000000085200000, 0x0000000085200000, 0x0000000085300000|  0%| F|  |TAMS 0x0000000085200000, 0x0000000085200000| Untracked 
|  55|0x0000000085300000, 0x0000000085300000, 0x0000000085400000|  0%| F|  |TAMS 0x0000000085300000, 0x0000000085300000| Untracked 
|  56|0x0000000085400000, 0x0000000085400000, 0x0000000085500000|  0%| F|  |TAMS 0x0000000085400000, 0x0000000085400000| Untracked 
|  57|0x0000000085500000, 0x0000000085500000, 0x0000000085600000|  0%| F|  |TAMS 0x0000000085500000, 0x0000000085500000| Untracked 
|  58|0x0000000085600000, 0x0000000085600000, 0x0000000085700000|  0%| F|  |TAMS 0x0000000085600000, 0x0000000085600000| Untracked 
|  59|0x0000000085700000, 0x0000000085700000, 0x0000000085800000|  0%| F|  |TAMS 0x0000000085700000, 0x0000000085700000| Untracked 
|  60|0x0000000085800000, 0x0000000085800000, 0x0000000085900000|  0%| F|  |TAMS 0x0000000085800000, 0x0000000085800000| Untracked 
|  61|0x0000000085900000, 0x0000000085900000, 0x0000000085a00000|  0%| F|  |TAMS 0x0000000085900000, 0x0000000085900000| Untracked 
|  62|0x0000000085a00000, 0x0000000085a00000, 0x0000000085b00000|  0%| F|  |TAMS 0x0000000085a00000, 0x0000000085a00000| Untracked 
|  63|0x0000000085b00000, 0x0000000085b00000, 0x0000000085c00000|  0%| F|  |TAMS 0x0000000085b00000, 0x0000000085b00000| Untracked 
|  64|0x0000000085c00000, 0x0000000085c00000, 0x0000000085d00000|  0%| F|  |TAMS 0x0000000085c00000, 0x0000000085c00000| Untracked 
|  65|0x0000000085d00000, 0x0000000085d00000, 0x0000000085e00000|  0%| F|  |TAMS 0x0000000085d00000, 0x0000000085d00000| Untracked 
|  66|0x0000000085e00000, 0x0000000085e00000, 0x0000000085f00000|  0%| F|  |TAMS 0x0000000085e00000, 0x0000000085e00000| Untracked 
|  67|0x0000000085f00000, 0x0000000085f00000, 0x0000000086000000|  0%| F|  |TAMS 0x0000000085f00000, 0x0000000085f00000| Untracked 
|  68|0x0000000086000000, 0x0000000086000000, 0x0000000086100000|  0%| F|  |TAMS 0x0000000086000000, 0x0000000086000000| Untracked 
|  69|0x0000000086100000, 0x0000000086100000, 0x0000000086200000|  0%| F|  |TAMS 0x0000000086100000, 0x0000000086100000| Untracked 
|  70|0x0000000086200000, 0x0000000086200000, 0x0000000086300000|  0%| F|  |TAMS 0x0000000086200000, 0x0000000086200000| Untracked 
|  71|0x0000000086300000, 0x0000000086300000, 0x0000000086400000|  0%| F|  |TAMS 0x0000000086300000, 0x0000000086300000| Untracked 
|  72|0x0000000086400000, 0x0000000086400000, 0x0000000086500000|  0%| F|  |TAMS 0x0000000086400000, 0x0000000086400000| Untracked 
|  73|0x0000000086500000, 0x0000000086500000, 0x0000000086600000|  0%| F|  |TAMS 0x0000000086500000, 0x0000000086500000| Untracked 
|  74|0x0000000086600000, 0x0000000086600000, 0x0000000086700000|  0%| F|  |TAMS 0x0000000086600000, 0x0000000086600000| Untracked 
|  75|0x0000000086700000, 0x0000000086700000, 0x0000000086800000|  0%| F|  |TAMS 0x0000000086700000, 0x0000000086700000| Untracked 
|  76|0x0000000086800000, 0x0000000086800000, 0x0000000086900000|  0%| F|  |TAMS 0x0000000086800000, 0x0000000086800000| Untracked 
|  77|0x0000000086900000, 0x0000000086900000, 0x0000000086a00000|  0%| F|  |TAMS 0x0000000086900000, 0x0000000086900000| Untracked 
|  78|0x0000000086a00000, 0x0000000086a00000, 0x0000000086b00000|  0%| F|  |TAMS 0x0000000086a00000, 0x0000000086a00000| Untracked 
|  79|0x0000000086b00000, 0x0000000086b00000, 0x0000000086c00000|  0%| F|  |TAMS 0x0000000086b00000, 0x0000000086b00000| Untracked 
|  80|0x0000000086c00000, 0x0000000086c00000, 0x0000000086d00000|  0%| F|  |TAMS 0x0000000086c00000, 0x0000000086c00000| Untracked 
|  81|0x0000000086d00000, 0x0000000086d00000, 0x0000000086e00000|  0%| F|  |TAMS 0x0000000086d00000, 0x0000000086d00000| Untracked 
|  82|0x0000000086e00000, 0x0000000086e00000, 0x0000000086f00000|  0%| F|  |TAMS 0x0000000086e00000, 0x0000000086e00000| Untracked 
|  83|0x0000000086f00000, 0x0000000086f00000, 0x0000000087000000|  0%| F|  |TAMS 0x0000000086f00000, 0x0000000086f00000| Untracked 
|  84|0x0000000087000000, 0x0000000087000000, 0x0000000087100000|  0%| F|  |TAMS 0x0000000087000000, 0x0000000087000000| Untracked 
|  85|0x0000000087100000, 0x0000000087100000, 0x0000000087200000|  0%| F|  |TAMS 0x0000000087100000, 0x0000000087100000| Untracked 
|  86|0x0000000087200000, 0x0000000087200000, 0x0000000087300000|  0%| F|  |TAMS 0x0000000087200000, 0x0000000087200000| Untracked 
|  87|0x0000000087300000, 0x0000000087300000, 0x0000000087400000|  0%| F|  |TAMS 0x0000000087300000, 0x0000000087300000| Untracked 
|  88|0x0000000087400000, 0x0000000087400000, 0x0000000087500000|  0%| F|  |TAMS 0x0000000087400000, 0x0000000087400000| Untracked 
|  89|0x0000000087500000, 0x0000000087500000, 0x0000000087600000|  0%| F|  |TAMS 0x0000000087500000, 0x0000000087500000| Untracked 
|  90|0x0000000087600000, 0x0000000087600000, 0x0000000087700000|  0%| F|  |TAMS 0x0000000087600000, 0x0000000087600000| Untracked 
|  91|0x0000000087700000, 0x0000000087700000, 0x0000000087800000|  0%| F|  |TAMS 0x0000000087700000, 0x0000000087700000| Untracked 
|  92|0x0000000087800000, 0x0000000087800000, 0x0000000087900000|  0%| F|  |TAMS 0x0000000087800000, 0x0000000087800000| Untracked 
|  93|0x0000000087900000, 0x0000000087900000, 0x0000000087a00000|  0%| F|  |TAMS 0x0000000087900000, 0x0000000087900000| Untracked 
|  94|0x0000000087a00000, 0x0000000087a00000, 0x0000000087b00000|  0%| F|  |TAMS 0x0000000087a00000, 0x0000000087a00000| Untracked 
|  95|0x0000000087b00000, 0x0000000087b00000, 0x0000000087c00000|  0%| F|  |TAMS 0x0000000087b00000, 0x0000000087b00000| Untracked 
|  96|0x0000000087c00000, 0x0000000087c00000, 0x0000000087d00000|  0%| F|  |TAMS 0x0000000087c00000, 0x0000000087c00000| Untracked 
|  97|0x0000000087d00000, 0x0000000087d00000, 0x0000000087e00000|  0%| F|  |TAMS 0x0000000087d00000, 0x0000000087d00000| Untracked 
|  98|0x0000000087e00000, 0x0000000087e00000, 0x0000000087f00000|  0%| F|  |TAMS 0x0000000087e00000, 0x0000000087e00000| Untracked 
|  99|0x0000000087f00000, 0x0000000087f00000, 0x0000000088000000|  0%| F|  |TAMS 0x0000000087f00000, 0x0000000087f00000| Untracked 
| 100|0x0000000088000000, 0x0000000088000000, 0x0000000088100000|  0%| F|  |TAMS 0x0000000088000000, 0x0000000088000000| Untracked 
| 101|0x0000000088100000, 0x0000000088100000, 0x0000000088200000|  0%| F|  |TAMS 0x0000000088100000, 0x0000000088100000| Untracked 
| 102|0x0000000088200000, 0x0000000088200000, 0x0000000088300000|  0%| F|  |TAMS 0x0000000088200000, 0x0000000088200000| Untracked 
| 103|0x0000000088300000, 0x0000000088300000, 0x0000000088400000|  0%| F|  |TAMS 0x0000000088300000, 0x0000000088300000| Untracked 
| 104|0x0000000088400000, 0x0000000088400000, 0x0000000088500000|  0%| F|  |TAMS 0x0000000088400000, 0x0000000088400000| Untracked 
| 105|0x0000000088500000, 0x0000000088500000, 0x0000000088600000|  0%| F|  |TAMS 0x0000000088500000, 0x0000000088500000| Untracked 
| 106|0x0000000088600000, 0x0000000088600000, 0x0000000088700000|  0%| F|  |TAMS 0x0000000088600000, 0x0000000088600000| Untracked 
| 107|0x0000000088700000, 0x0000000088700000, 0x0000000088800000|  0%| F|  |TAMS 0x0000000088700000, 0x0000000088700000| Untracked 
| 108|0x0000000088800000, 0x0000000088800000, 0x0000000088900000|  0%| F|  |TAMS 0x0000000088800000, 0x0000000088800000| Untracked 
| 109|0x0000000088900000, 0x0000000088900000, 0x0000000088a00000|  0%| F|  |TAMS 0x0000000088900000, 0x0000000088900000| Untracked 
| 110|0x0000000088a00000, 0x0000000088a00000, 0x0000000088b00000|  0%| F|  |TAMS 0x0000000088a00000, 0x0000000088a00000| Untracked 
| 111|0x0000000088b00000, 0x0000000088b00000, 0x0000000088c00000|  0%| F|  |TAMS 0x0000000088b00000, 0x0000000088b00000| Untracked 
| 112|0x0000000088c00000, 0x0000000088c00000, 0x0000000088d00000|  0%| F|  |TAMS 0x0000000088c00000, 0x0000000088c00000| Untracked 
| 113|0x0000000088d00000, 0x0000000088d00000, 0x0000000088e00000|  0%| F|  |TAMS 0x0000000088d00000, 0x0000000088d00000| Untracked 
| 114|0x0000000088e00000, 0x0000000088e00000, 0x0000000088f00000|  0%| F|  |TAMS 0x0000000088e00000, 0x0000000088e00000| Untracked 
| 115|0x0000000088f00000, 0x0000000088f00000, 0x0000000089000000|  0%| F|  |TAMS 0x0000000088f00000, 0x0000000088f00000| Untracked 
| 116|0x0000000089000000, 0x0000000089000000, 0x0000000089100000|  0%| F|  |TAMS 0x0000000089000000, 0x0000000089000000| Untracked 
| 117|0x0000000089100000, 0x0000000089100000, 0x0000000089200000|  0%| F|  |TAMS 0x0000000089100000, 0x0000000089100000| Untracked 
| 118|0x0000000089200000, 0x0000000089200000, 0x0000000089300000|  0%| F|  |TAMS 0x0000000089200000, 0x0000000089200000| Untracked 
| 119|0x0000000089300000, 0x0000000089300000, 0x0000000089400000|  0%| F|  |TAMS 0x0000000089300000, 0x0000000089300000| Untracked 
| 120|0x0000000089400000, 0x0000000089400000, 0x0000000089500000|  0%| F|  |TAMS 0x0000000089400000, 0x0000000089400000| Untracked 
| 121|0x0000000089500000, 0x0000000089500000, 0x0000000089600000|  0%| F|  |TAMS 0x0000000089500000, 0x0000000089500000| Untracked 
| 122|0x0000000089600000, 0x0000000089600000, 0x0000000089700000|  0%| F|  |TAMS 0x0000000089600000, 0x0000000089600000| Untracked 
| 123|0x0000000089700000, 0x0000000089700000, 0x0000000089800000|  0%| F|  |TAMS 0x0000000089700000, 0x0000000089700000| Untracked 
| 124|0x0000000089800000, 0x0000000089800000, 0x0000000089900000|  0%| F|  |TAMS 0x0000000089800000, 0x0000000089800000| Untracked 
| 125|0x0000000089900000, 0x00000000899b3c30, 0x0000000089a00000| 70%| S|CS|TAMS 0x0000000089900000, 0x0000000089900000| Complete 
| 126|0x0000000089a00000, 0x0000000089a00000, 0x0000000089b00000|  0%| F|  |TAMS 0x0000000089a00000, 0x0000000089a00000| Untracked 
| 127|0x0000000089b00000, 0x0000000089b00000, 0x0000000089c00000|  0%| F|  |TAMS 0x0000000089b00000, 0x0000000089b00000| Untracked 

Card table byte_map: [0x000002a8f8360000,0x000002a8f8760000] _byte_map_base: 0x000002a8f7f52000

Marking Bits (Prev, Next): (CMBitMap*) 0x000002a8e54b0918, (CMBitMap*) 0x000002a8e54b0950
 Prev Bits: [0x000002a8f8b60000, 0x000002a8faaf0000)
 Next Bits: [0x000002a8faaf0000, 0x000002a8fca80000)

Polling page: 0x000002a8e3430000

Metaspace:

Usage:
  Non-class:      5.23 MB capacity,     5.22 MB (>99%) used,    11.59 KB ( <1%) free+waste,     2.75 KB ( <1%) overhead. 
      Class:    537.00 KB capacity,   501.02 KB ( 93%) used,    34.60 KB (  6%) free+waste,     1.38 KB ( <1%) overhead. 
       Both:      5.76 MB capacity,     5.71 MB (>99%) used,    46.19 KB ( <1%) free+waste,     4.13 KB ( <1%) overhead. 

Virtual space:
  Non-class space:       16.00 MB reserved,       5.25 MB ( 33%) committed 
      Class space:        1.00 GB reserved,     640.00 KB ( <1%) committed 
             Both:        1.02 GB reserved,       5.88 MB ( <1%) committed 

Chunk freelists:
   Non-Class:  16.00 KB
       Class:  7.00 KB
        Both:  23.00 KB

MaxMetaspaceSize: 17179869184.00 GB
CompressedClassSpaceSize: 1.00 GB

CodeHeap 'non-profiled nmethods': size=120064Kb used=39Kb max_used=39Kb free=120024Kb
 bounds [0x000002a8f0a20000, 0x000002a8f0c90000, 0x000002a8f7f60000]
CodeHeap 'profiled nmethods': size=120000Kb used=199Kb max_used=199Kb free=119800Kb
 bounds [0x000002a8e94f0000, 0x000002a8e9760000, 0x000002a8f0a20000]
CodeHeap 'non-nmethods': size=5696Kb used=1047Kb max_used=1055Kb free=4649Kb
 bounds [0x000002a8e8f60000, 0x000002a8e91d0000, 0x000002a8e94f0000]
 total_blobs=503 nmethods=170 adapters=245
 compilation: enabled
              stopped_count=0, restarted_count=0
 full_count=0

Compilation events (20 events):
Event: 0.429 Thread 0x000002a8fef95800  161       3       java.lang.String::checkBoundsBeginEnd (60 bytes)
Event: 0.430 Thread 0x000002a8fef95800 nmethod 161 0x000002a8e951d610 code [0x000002a8e951d8e0, 0x000002a8e951e418]
Event: 0.430 Thread 0x000002a8fef95800  163       3       java.util.regex.Pattern::has (15 bytes)
Event: 0.430 Thread 0x000002a8fef95800 nmethod 163 0x000002a8e951e890 code [0x000002a8e951ea40, 0x000002a8e951eb98]
Event: 0.430 Thread 0x000002a8fef95800  162       3       java.util.zip.ZipUtils::LG (22 bytes)
Event: 0.431 Thread 0x000002a8fef95800 nmethod 162 0x000002a8e951ec10 code [0x000002a8e951ede0, 0x000002a8e951f038]
Event: 0.431 Thread 0x000002a8fef95800  165       3       java.lang.Character::charCount (12 bytes)
Event: 0.431 Thread 0x000002a8fef95800 nmethod 165 0x000002a8e951f190 code [0x000002a8e951f340, 0x000002a8e951f478]
Event: 0.431 Thread 0x000002a8fef95800  166       3       java.lang.Character::codePointAt (51 bytes)
Event: 0.431 Thread 0x000002a8fef95800 nmethod 166 0x000002a8e951f510 code [0x000002a8e951f720, 0x000002a8e951fd68]
Event: 0.431 Thread 0x000002a8fef95800  169       3       java.util.regex.Pattern::peek (26 bytes)
Event: 0.431 Thread 0x000002a8fef95800 nmethod 169 0x000002a8e951ff10 code [0x000002a8e95200e0, 0x000002a8e9520348]
Event: 0.431 Thread 0x000002a8fef95800  167       3       java.util.regex.Pattern::isSupplementary (20 bytes)
Event: 0.432 Thread 0x000002a8fef95800 nmethod 167 0x000002a8e9520490 code [0x000002a8e9520640, 0x000002a8e95208b8]
Event: 0.432 Thread 0x000002a8fef95800  168       3       java.lang.Character::isSurrogate (18 bytes)
Event: 0.432 Thread 0x000002a8fef95800 nmethod 168 0x000002a8e9520990 code [0x000002a8e9520b40, 0x000002a8e9520cb8]
Event: 0.432 Thread 0x000002a8fef95800  164       1       java.util.regex.Pattern::lambda$ALL$4 (2 bytes)
Event: 0.432 Thread 0x000002a8fef95800 nmethod 164 0x000002a8f0a29c90 code [0x000002a8f0a29e40, 0x000002a8f0a29ed8]
Event: 0.432 Thread 0x000002a8fef95800  170       3       java.lang.String::checkIndex (46 bytes)
Event: 0.433 Thread 0x000002a8fef95800 nmethod 170 0x000002a8e9520d90 code [0x000002a8e9521020, 0x000002a8e95219b8]

GC Heap History (2 events):
Event: 0.434 GC heap before
{Heap before GC invocations=0 (full 0):
 garbage-first heap   total 131072K, used 1024K [0x0000000081c00000, 0x0000000100000000)
  region size 1024K, 2 young (2048K), 0 survivors (0K)
 Metaspace       used 5846K, capacity 5897K, committed 6016K, reserved 1062912K
  class space    used 501K, capacity 537K, committed 640K, reserved 1048576K
}
Event: 0.440 GC heap after
{Heap after GC invocations=1 (full 0):
 garbage-first heap   total 131072K, used 719K [0x0000000081c00000, 0x0000000100000000)
  region size 1024K, 1 young (1024K), 1 survivors (1024K)
 Metaspace       used 5846K, capacity 5897K, committed 6016K, reserved 1062912K
  class space    used 501K, capacity 537K, committed 640K, reserved 1048576K
}

Deoptimization events (4 events):
Event: 0.213 Thread 0x000002a8e5471000 Uncommon trap: trap_request=0xffffff4d fr.pc=0x000002a8f0a23e90 relative=0x00000000000001f0
Event: 0.213 Thread 0x000002a8e5471000 Uncommon trap: reason=unstable_if action=reinterpret pc=0x000002a8f0a23e90 method=java.lang.String.hashCode()I @ 14 c2
Event: 0.213 Thread 0x000002a8e5471000 DEOPT PACKING pc=0x000002a8f0a23e90 sp=0x000000fcc79fd9c0
Event: 0.213 Thread 0x000002a8e5471000 DEOPT UNPACKING pc=0x000002a8e8f878af sp=0x000000fcc79fd958 mode 2

Classes redefined (0 events):
No events

Internal exceptions (1 events):
Event: 0.426 Thread 0x000002a8e5471000 Exception <a 'java/lang/NoSuchMethodError'{0x0000000089a8b7f0}: 'int java.lang.invoke.DirectMethodHandle$Holder.invokeSpecialIFC(java.lang.Object, java.lang.Object, int)'> (0x0000000089a8b7f0) thrown at [./src/hotspot/share/interpreter/linkResolver.cpp, line 773]

Events (20 events):
Event: 0.426 loading class java/lang/IncompatibleClassChangeError
Event: 0.426 loading class java/lang/IncompatibleClassChangeError done
Event: 0.426 loading class java/lang/NoSuchMethodError done
Event: 0.426 loading class sun/reflect/misc/ReflectUtil
Event: 0.427 loading class sun/reflect/misc/ReflectUtil done
Event: 0.428 loading class org/gradle/cli/CommandLineParser$OptionString
Event: 0.428 loading class org/gradle/cli/CommandLineParser$OptionString done
Event: 0.429 loading class org/gradle/cli/CommandLineParser$MissingOptionArgState
Event: 0.429 loading class org/gradle/cli/CommandLineParser$MissingOptionArgState done
Event: 0.431 loading class org/gradle/wrapper/GradleUserHomeLookup
Event: 0.431 loading class org/gradle/wrapper/GradleUserHomeLookup done
Event: 0.432 loading class java/lang/ProcessEnvironment
Event: 0.433 loading class java/lang/ProcessEnvironment done
Event: 0.433 Executing VM operation: Deoptimize
Event: 0.433 Executing VM operation: Deoptimize done
Event: 0.434 loading class java/lang/ProcessEnvironment$NameComparator
Event: 0.434 loading class java/lang/ProcessEnvironment$NameComparator done
Event: 0.434 loading class java/lang/ProcessEnvironment$EntryComparator
Event: 0.434 loading class java/lang/ProcessEnvironment$EntryComparator done
Event: 0.434 Executing VM operation: CollectForMetadataAllocation


Dynamic libraries:
0x00007ff7d08b0000 - 0x00007ff7d08ba000 	C:\Program Files\Android\Android Studio\jre\bin\java.exe
0x00007ffe06980000 - 0x00007ffe06b89000 	C:\Windows\SYSTEM32\ntdll.dll
0x00007ffe05040000 - 0x00007ffe050fd000 	C:\Windows\System32\KERNEL32.DLL
0x00007ffe042e0000 - 0x00007ffe0465b000 	C:\Windows\System32\KERNELBASE.dll
0x00007ffe04140000 - 0x00007ffe04251000 	C:\Windows\System32\ucrtbase.dll
0x00007ffdf7540000 - 0x00007ffdf7559000 	C:\Program Files\Android\Android Studio\jre\bin\jli.dll
0x00007ffe04cb0000 - 0x00007ffe04e5d000 	C:\Windows\System32\USER32.dll
0x00007ffe04660000 - 0x00007ffe04686000 	C:\Windows\System32\win32u.dll
0x00007ffe06780000 - 0x00007ffe067a9000 	C:\Windows\System32\GDI32.dll
0x00007ffe03f60000 - 0x00007ffe04078000 	C:\Windows\System32\gdi32full.dll
0x00007ffe03e50000 - 0x00007ffe03eed000 	C:\Windows\System32\msvcp_win.dll
0x00007ffdf6410000 - 0x00007ffdf6427000 	C:\Program Files\Android\Android Studio\jre\bin\VCRUNTIME140.dll
0x00007ffdf5c10000 - 0x00007ffdf5eb5000 	C:\Windows\WinSxS\amd64_microsoft.windows.common-controls_6595b64144ccf1df_6.0.22000.120_none_9d947278b86cc467\COMCTL32.dll
0x00007ffe06810000 - 0x00007ffe068b3000 	C:\Windows\System32\msvcrt.dll
0x00007ffe04c00000 - 0x00007ffe04c31000 	C:\Windows\System32\IMM32.DLL
0x00007ffdc67d0000 - 0x00007ffdc686d000 	C:\Program Files\Android\Android Studio\jre\bin\msvcp140.dll
0x00007ffdaab00000 - 0x00007ffdab5cf000 	C:\Program Files\Android\Android Studio\jre\bin\server\jvm.dll
0x00007ffe04f90000 - 0x00007ffe0503e000 	C:\Windows\System32\ADVAPI32.dll
0x00007ffe052b0000 - 0x00007ffe0534e000 	C:\Windows\System32\sechost.dll
0x00007ffe054f0000 - 0x00007ffe05610000 	C:\Windows\System32\RPCRT4.dll
0x00007ffe05100000 - 0x00007ffe05108000 	C:\Windows\System32\PSAPI.DLL
0x00007ffdf6400000 - 0x00007ffdf6409000 	C:\Windows\SYSTEM32\WSOCK32.dll
0x00007ffe06710000 - 0x00007ffe0677f000 	C:\Windows\System32\WS2_32.dll
0x00007ffdf7970000 - 0x00007ffdf79a3000 	C:\Windows\SYSTEM32\WINMM.dll
0x00007ffdfbef0000 - 0x00007ffdfbefa000 	C:\Windows\SYSTEM32\VERSION.dll
0x00007ffe02fc0000 - 0x00007ffe02fd8000 	C:\Windows\SYSTEM32\kernel.appcore.dll
0x00007ffdf3300000 - 0x00007ffdf3311000 	C:\Program Files\Android\Android Studio\jre\bin\verify.dll
0x00007ffdfef60000 - 0x00007ffdff181000 	C:\Windows\SYSTEM32\DBGHELP.DLL
0x00007ffdf81e0000 - 0x00007ffdf8211000 	C:\Windows\SYSTEM32\dbgcore.DLL
0x00007ffe04260000 - 0x00007ffe042df000 	C:\Windows\System32\bcryptPrimitives.dll
0x00007ffdf32d0000 - 0x00007ffdf32f9000 	C:\Program Files\Android\Android Studio\jre\bin\java.dll
0x00007ffdf32c0000 - 0x00007ffdf32cb000 	C:\Program Files\Android\Android Studio\jre\bin\jimage.dll
0x00007ffdf0380000 - 0x00007ffdf0398000 	C:\Program Files\Android\Android Studio\jre\bin\zip.dll
0x00007ffe05d30000 - 0x00007ffe064e8000 	C:\Windows\System32\SHELL32.dll
0x00007ffe01f50000 - 0x00007ffe027b5000 	C:\Windows\SYSTEM32\windows.storage.dll
0x00007ffe04820000 - 0x00007ffe04b97000 	C:\Windows\System32\combase.dll
0x00007ffe01de0000 - 0x00007ffe01f46000 	C:\Windows\SYSTEM32\wintypes.dll
0x00007ffe05a80000 - 0x00007ffe05b6a000 	C:\Windows\System32\SHCORE.dll
0x00007ffe067b0000 - 0x00007ffe0680d000 	C:\Windows\System32\shlwapi.dll
0x00007ffe03d80000 - 0x00007ffe03da1000 	C:\Windows\SYSTEM32\profapi.dll
0x00007ffdf0360000 - 0x00007ffdf037a000 	C:\Program Files\Android\Android Studio\jre\bin\net.dll
0x00007ffdfe680000 - 0x00007ffdfe78c000 	C:\Windows\SYSTEM32\WINHTTP.dll
0x00007ffe03460000 - 0x00007ffe034c7000 	C:\Windows\system32\mswsock.dll
0x00007ffdee3e0000 - 0x00007ffdee3f4000 	C:\Program Files\Android\Android Studio\jre\bin\nio.dll

dbghelp: loaded successfully - version: 4.0.5 - missing functions: none
symbol engine: initialized successfully - sym options: 0x614 - pdb path: .;C:\Program Files\Android\Android Studio\jre\bin;C:\Windows\SYSTEM32;C:\Windows\WinSxS\amd64_microsoft.windows.common-controls_6595b64144ccf1df_6.0.22000.120_none_9d947278b86cc467;C:\Program Files\Android\Android Studio\jre\bin\server

VM Arguments:
jvm_args: -Dorg.gradle.appname=gradlew 
java_command: org.gradle.wrapper.GradleWrapperMain -q -Ptarget-platform=android-arm -Ptarget=C:\Users\Vyacheslav Kovalchuk\Desktop\Templates\traver_app\lib\main.dart -Pbase-application-name=android.app.Application -Pdart-defines=RkxVVFRFUl9XRUJfQVVUT19ERVRFQ1Q9dHJ1ZQ== -Pdart-obfuscation=false -Ptrack-widget-creation=true -Ptree-shake-icons=false -Pfilesystem-scheme=org-dartlang-root assembleDebug
java_class_path (initial): C:\Users\Vyacheslav Kovalchuk\Desktop\Templates\traver_app\android\\gradle\wrapper\gradle-wrapper.jar
Launcher Type: SUN_STANDARD

[Global flags]
     intx CICompilerCount                          = 3                                         {product} {ergonomic}
     uint ConcGCThreads                            = 1                                         {product} {ergonomic}
     uint G1ConcRefinementThreads                  = 4                                         {product} {ergonomic}
   size_t G1HeapRegionSize                         = 1048576                                   {product} {ergonomic}
    uintx GCDrainStackTargetSize                   = 64                                        {product} {ergonomic}
   size_t InitialHeapSize                          = 134217728                                 {product} {ergonomic}
   size_t MarkStackSize                            = 4194304                                   {product} {ergonomic}
   size_t MaxHeapSize                              = 2118123520                                {product} {ergonomic}
   size_t MaxNewSize                               = 1270874112                                {product} {ergonomic}
   size_t MinHeapDeltaBytes                        = 1048576                                   {product} {ergonomic}
    uintx NonNMethodCodeHeapSize                   = 5830732                                {pd product} {ergonomic}
    uintx NonProfiledCodeHeapSize                  = 122913754                              {pd product} {ergonomic}
    uintx ProfiledCodeHeapSize                     = 122913754                              {pd product} {ergonomic}
    uintx ReservedCodeCacheSize                    = 251658240                              {pd product} {ergonomic}
     bool SegmentedCodeCache                       = true                                      {product} {ergonomic}
     bool UseCompressedClassPointers               = true                                 {lp64_product} {ergonomic}
     bool UseCompressedOops                        = true                                 {lp64_product} {ergonomic}
     bool UseG1GC                                  = true                                      {product} {ergonomic}
     bool UseLargePagesIndividualAllocation        = false                                  {pd product} {ergonomic}

Logging:
Log output configuration:
 #0: stdout all=warning uptime,level,tags
 #1: stderr all=off uptime,level,tags

Environment Variables:
JAVA_HOME=C:\Program Files\Android\Android Studio\jre
CLASSPATH=C:\Users\Vyacheslav Kovalchuk\Desktop\Templates\traver_app\android\\gradle\wrapper\gradle-wrapper.jar
PATH=C:\Program Files\OpenJDK\jdk-8.0.262.10-hotspot\bin;C:\Program Files (x86)\Intel\Intel(R) Management Engine Components\iCLS\;C:\Program Files\Intel\Intel(R) Management Engine Components\iCLS\;C:\Windows\system32;C:\Windows;C:\Windows\System32\Wbem;C:\Windows\System32\WindowsPowerShell\v1.0\;C:\Windows\System32\OpenSSH\;C:\Program Files (x86)\Intel\Intel(R) Management Engine Components\DAL;C:\Program Files\Intel\Intel(R) Management Engine Components\DAL;C:\Program Files (x86)\Intel\Intel(R) Management Engine Components\IPT;C:\Program Files\Intel\Intel(R) Management Engine Components\IPT;C:\Program Files\Git\cmd;C:\FPC\3.2.2\bin\i386-Win32;C:\Program Files\Docker\Docker\resources\bin;C:\ProgramData\DockerDesktop\version-bin;C:\Users\Vyacheslav Kovalchuk\AppData\Local\Programs\Python\Python310\Scripts\;C:\Users\Vyacheslav Kovalchuk\AppData\Local\Programs\Python\Python310\;C:\Users\Vyacheslav Kovalchuk\AppData\Local\Microsoft\WindowsApps;C:\Gradle\gradle-7.2\bin;C:\Users\Vyacheslav Kovalchuk\Documents\flutter\bin;;C:\Program Files\JetBrains\PyCharm Community Edition 2021.3.2\bin;;C:\Users\Vyacheslav Kovalchuk\AppData\Local\Programs\Microsoft VS Code\bin;C:\src\flutter\bin\mingit\cmd
USERNAME=Vyacheslav Kovalchuk
OS=Windows_NT
PROCESSOR_IDENTIFIER=Intel64 Family 6 Model 60 Stepping 3, GenuineIntel



---------------  S Y S T E M  ---------------

OS: Windows 10 , 64 bit Build 22000 (10.0.22000.708)
OS uptime: 0 days 19:08 hours
Hyper-V role detected

CPU:total 4 (initial active 4) (2 cores per cpu, 2 threads per core) family 6 model 60 stepping 3 microcode 0x28, cmov, cx8, fxsr, mmx, sse, sse2, sse3, ssse3, sse4.1, sse4.2, popcnt, avx, avx2, aes, clmul, erms, lzcnt, ht, tsc, tscinvbit, bmi1, bmi2, fma

Memory: 4k page, system-wide physical 8073M (892M free)
TotalPageFile size 12169M (AvailPageFile size 0M)
current process WorkingSet (physical memory assigned to process): 37M, peak: 37M
current process commit charge ("private bytes"): 196M, peak: 197M

vm_info: OpenJDK 64-Bit Server VM (11.0.10+0-b96-7249189) for windows-amd64 JRE (11.0.10+0-b96-7249189), built on Mar 31 2021 21:44:00 by "builder" with MS VC++ 14.0 (VS2015)

END.
