#
# There is insufficient memory for the Java Runtime Environment to continue.
# Native memory allocation (malloc) failed to allocate 32816 bytes for Chunk::new
# Possible reasons:
#   The system is out of physical RAM or swap space
#   The process is running with CompressedOops enabled, and the Java Heap may be blocking the growth of the native heap
# Possible solutions:
#   Reduce memory load on the system
#   Increase physical memory or swap space
#   Check if swap backing store is full
#   Decrease Java heap size (-Xmx/-Xms)
#   Decrease number of Java threads
#   Decrease Java thread stack sizes (-Xss)
#   Set larger code cache with -XX:ReservedCodeCacheSize=
#   JVM is running with Unscaled Compressed Oops mode in which the Java heap is
#     placed in the first 4GB address space. The Java Heap base address is the
#     maximum limit for the native heap growth. Please use -XX:HeapBaseMinAddress
#     to set the Java Heap base and to place the Java Heap above 4GB virtual address.
# This output file may be truncated or incomplete.
#
#  Out of Memory Error (./src/hotspot/share/memory/arena.cpp:197), pid=11180, tid=4888
#
# JRE version: OpenJDK Runtime Environment (11.0.10) (build 11.0.10+0-b96-7249189)
# Java VM: OpenJDK 64-Bit Server VM (11.0.10+0-b96-7249189, mixed mode, tiered, compressed oops, g1 gc, windows-amd64)
# No core dump will be written. Minidumps are not enabled by default on client versions of Windows
#

---------------  S U M M A R Y ------------

Command Line: --add-opens=java.base/java.util=ALL-UNNAMED --add-opens=java.base/java.lang=ALL-UNNAMED --add-opens=java.base/java.lang.invoke=ALL-UNNAMED --add-opens=java.base/java.util=ALL-UNNAMED --add-opens=java.prefs/java.util.prefs=ALL-UNNAMED --add-opens=java.prefs/java.util.prefs=ALL-UNNAMED --add-opens=java.base/java.nio.charset=ALL-UNNAMED --add-opens=java.base/java.net=ALL-UNNAMED --add-opens=java.base/java.util.concurrent.atomic=ALL-UNNAMED -Xmx1536M -Dfile.encoding=windows-1252 -Duser.country=US -Duser.language=en -Duser.variant org.gradle.launcher.daemon.bootstrap.GradleDaemon 7.4

Host: Intel(R) Core(TM) i5-4310M CPU @ 2.70GHz, 4 cores, 7G,  Windows 10 , 64 bit Build 22000 (10.0.22000.708)
Time: Tue Oct 18 12:47:08 2022 FLE Summer Time elapsed time: 43.905177 seconds (0d 0h 0m 43s)

---------------  T H R E A D  ---------------

Current thread (0x0000020845e79800):  JavaThread "C2 CompilerThread0" daemon [_thread_in_native, id=4888, stack(0x000000e0f6900000,0x000000e0f6a00000)]


Current CompileTask:
C2:  43905 10477       4       org.gradle.internal.logging.text.AbstractLineChoppingStyledTextOutput$1::execute (9 bytes)

Stack: [0x000000e0f6900000,0x000000e0f6a00000]
Native frames: (J=compiled Java code, j=interpreted, Vv=VM code, C=native code)
V  [jvm.dll+0x5ecfaa]
V  [jvm.dll+0x722bd5]
V  [jvm.dll+0x72412d]
V  [jvm.dll+0x7247e3]
V  [jvm.dll+0x242928]
V  [jvm.dll+0xbc4fc]
V  [jvm.dll+0xbca0c]
V  [jvm.dll+0x352d3b]
V  [jvm.dll+0x197a70]
V  [jvm.dll+0x1fb70e]
V  [jvm.dll+0x1fa7f4]
V  [jvm.dll+0x18354c]
V  [jvm.dll+0x208ee7]
V  [jvm.dll+0x207731]
V  [jvm.dll+0x6eb1cf]
V  [jvm.dll+0x6e3d45]
V  [jvm.dll+0x5ebe96]
C  [ucrtbase.dll+0x26c0c]
C  [KERNEL32.DLL+0x154e0]
C  [ntdll.dll+0x485b]


---------------  P R O C E S S  ---------------

Threads class SMR info:
_java_thread_list=0x000002085091c760, length=89, elements={
0x000002082d583000, 0x0000020845e2d000, 0x0000020845e51000, 0x0000020845e72800,
0x0000020845e75000, 0x0000020845e76800, 0x0000020845e79800, 0x0000020845e7d000,
0x0000020845e8e000, 0x0000020846925800, 0x0000020847bf5000, 0x000002084768b800,
0x0000020847ba0800, 0x000002084832a800, 0x000002084892e800, 0x0000020846810800,
0x00000208495a3000, 0x00000208474d4000, 0x0000020847d65800, 0x0000020846cec000,
0x0000020846ce9000, 0x0000020846cea000, 0x0000020846cee000, 0x0000020846ce8000,
0x0000020846cee800, 0x0000020846cea800, 0x0000020846ceb800, 0x00000208489b2800,
0x00000208489b4000, 0x00000208489b1800, 0x00000208489b1000, 0x00000208489b3800,
0x00000208489b6800, 0x0000020847e6f800, 0x0000020847e69800, 0x0000020847e6b800,
0x0000020847e6c000, 0x0000020847e6e000, 0x0000020847e70800, 0x0000020847e72000,
0x0000020847e71000, 0x0000020847e72800, 0x0000020847e6d000, 0x0000020847e74800,
0x0000020847e75000, 0x0000020847e73800, 0x0000020847e76000, 0x0000020847e77000,
0x0000020847e77800, 0x0000020849257800, 0x0000020849256800, 0x0000020849259000,
0x0000020849258000, 0x0000020849253000, 0x000002084925a000, 0x0000020849255800,
0x0000020849254000, 0x000002084925a800, 0x0000020849255000, 0x0000020849260800,
0x0000020849261000, 0x000002084925f800, 0x000002084925d000, 0x000002084925e000,
0x000002084925e800, 0x000002084925b800, 0x0000020849262000, 0x000002084925c000,
0x000002084692e800, 0x0000020846930000, 0x0000020846931000, 0x0000020846934000,
0x0000020846935000, 0x000002084692f800, 0x0000020846937800, 0x0000020846936000,
0x0000020846933800, 0x0000020846932800, 0x0000020846938800, 0x0000020846936800,
0x0000020846939000, 0x000002084693b800, 0x000002084693a800, 0x000002084693d000,
0x000002084693a000, 0x000002084693c800, 0x000002084de77800, 0x000002084de76000,
0x000002084de74800
}

Java Threads: ( => current thread )
  0x000002082d583000 JavaThread "main" [_thread_blocked, id=1120, stack(0x000000e0f5c00000,0x000000e0f5d00000)]
  0x0000020845e2d000 JavaThread "Reference Handler" daemon [_thread_blocked, id=1396, stack(0x000000e0f6400000,0x000000e0f6500000)]
  0x0000020845e51000 JavaThread "Finalizer" daemon [_thread_blocked, id=684, stack(0x000000e0f6500000,0x000000e0f6600000)]
  0x0000020845e72800 JavaThread "Signal Dispatcher" daemon [_thread_blocked, id=2136, stack(0x000000e0f6600000,0x000000e0f6700000)]
  0x0000020845e75000 JavaThread "Attach Listener" daemon [_thread_blocked, id=4948, stack(0x000000e0f6700000,0x000000e0f6800000)]
  0x0000020845e76800 JavaThread "Service Thread" daemon [_thread_blocked, id=5512, stack(0x000000e0f6800000,0x000000e0f6900000)]
=>0x0000020845e79800 JavaThread "C2 CompilerThread0" daemon [_thread_in_native, id=4888, stack(0x000000e0f6900000,0x000000e0f6a00000)]
  0x0000020845e7d000 JavaThread "C1 CompilerThread0" daemon [_thread_blocked, id=10668, stack(0x000000e0f6a00000,0x000000e0f6b00000)]
  0x0000020845e8e000 JavaThread "Sweeper thread" daemon [_thread_blocked, id=9008, stack(0x000000e0f6b00000,0x000000e0f6c00000)]
  0x0000020846925800 JavaThread "Common-Cleaner" daemon [_thread_blocked, id=6008, stack(0x000000e0f6c00000,0x000000e0f6d00000)]
  0x0000020847bf5000 JavaThread "Daemon health stats" [_thread_blocked, id=10236, stack(0x000000e0f7100000,0x000000e0f7200000)]
  0x000002084768b800 JavaThread "Incoming local TCP Connector on port 61165" [_thread_in_native, id=1056, stack(0x000000e0f7000000,0x000000e0f7100000)]
  0x0000020847ba0800 JavaThread "Daemon periodic checks" [_thread_blocked, id=6388, stack(0x000000e0f7300000,0x000000e0f7400000)]
  0x000002084832a800 JavaThread "Daemon" [_thread_blocked, id=7816, stack(0x000000e0f7400000,0x000000e0f7500000)]
  0x000002084892e800 JavaThread "Handler for socket connection from /127.0.0.1:61165 to /127.0.0.1:61167" [_thread_in_native, id=11012, stack(0x000000e0f7500000,0x000000e0f7600000)]
  0x0000020846810800 JavaThread "Cancel handler" [_thread_blocked, id=5232, stack(0x000000e0f7600000,0x000000e0f7700000)]
  0x00000208495a3000 JavaThread "Daemon worker" [_thread_blocked, id=11720, stack(0x000000e0f7700000,0x000000e0f7800000)]
  0x00000208474d4000 JavaThread "Asynchronous log dispatcher for DefaultDaemonConnection: socket connection from /127.0.0.1:61165 to /127.0.0.1:61167" [_thread_in_vm, id=12296, stack(0x000000e0f7900000,0x000000e0f7a00000)]
  0x0000020847d65800 JavaThread "Stdin handler" [_thread_blocked, id=11556, stack(0x000000e0f7a00000,0x000000e0f7b00000)]
  0x0000020846cec000 JavaThread "Daemon client event forwarder" [_thread_blocked, id=5356, stack(0x000000e0f7b00000,0x000000e0f7c00000)]
  0x0000020846ce9000 JavaThread "Cache worker for journal cache (C:\Users\Vyacheslav Kovalchuk\.gradle\caches\journal-1)" [_thread_blocked, id=12472, stack(0x000000e0f7c00000,0x000000e0f7d00000)]
  0x0000020846cea000 JavaThread "File lock request listener" [_thread_in_native, id=8416, stack(0x000000e0f7d00000,0x000000e0f7e00000)]
  0x0000020846cee000 JavaThread "Cache worker for file hash cache (C:\Users\Vyacheslav Kovalchuk\.gradle\caches\7.4\fileHashes)" [_thread_blocked, id=5500, stack(0x000000e0f7e00000,0x000000e0f7f00000)]
  0x0000020846ce8000 JavaThread "File watcher server" daemon [_thread_in_native, id=10544, stack(0x000000e0f7800000,0x000000e0f7900000)]
  0x0000020846cee800 JavaThread "File watcher consumer" daemon [_thread_blocked, id=2040, stack(0x000000e0f7f00000,0x000000e0f8000000)]
  0x0000020846cea800 JavaThread "Cache worker for checksums cache (C:\Users\Vyacheslav Kovalchuk\Desktop\Templates\traver_app\android\.gradle\7.4\checksums)" [_thread_blocked, id=5000, stack(0x000000e0f8000000,0x000000e0f8100000)]
  0x0000020846ceb800 JavaThread "Cache worker for cache directory md-rule (C:\Users\Vyacheslav Kovalchuk\.gradle\caches\7.4\md-rule)" [_thread_blocked, id=5596, stack(0x000000e0f8100000,0x000000e0f8200000)]
  0x00000208489b2800 JavaThread "Cache worker for file hash cache (C:\Users\Vyacheslav Kovalchuk\Desktop\Templates\traver_app\android\.gradle\7.4\fileHashes)" [_thread_blocked, id=6604, stack(0x000000e0f8300000,0x000000e0f8400000)]
  0x00000208489b4000 JavaThread "Cache worker for cache directory md-supplier (C:\Users\Vyacheslav Kovalchuk\.gradle\caches\7.4\md-supplier)" [_thread_blocked, id=1384, stack(0x000000e0f8400000,0x000000e0f8500000)]
  0x00000208489b1800 JavaThread "Cache worker for execution history cache (C:\Users\Vyacheslav Kovalchuk\.gradle\caches\7.4\executionHistory)" [_thread_blocked, id=2260, stack(0x000000e0f8500000,0x000000e0f8600000)]
  0x00000208489b1000 JavaThread "jar transforms" [_thread_blocked, id=11680, stack(0x000000e0f8600000,0x000000e0f8700000)]
  0x00000208489b3800 JavaThread "jar transforms Thread 2" [_thread_blocked, id=9608, stack(0x000000e0f8700000,0x000000e0f8800000)]
  0x00000208489b6800 JavaThread "Cache worker for file content cache (C:\Users\Vyacheslav Kovalchuk\.gradle\caches\7.4\fileContent)" [_thread_blocked, id=3456, stack(0x000000e0f8800000,0x000000e0f8900000)]
  0x0000020847e6f800 JavaThread "jar transforms Thread 3" [_thread_blocked, id=12672, stack(0x000000e0f8900000,0x000000e0f8a00000)]
  0x0000020847e69800 JavaThread "jar transforms Thread 4" [_thread_blocked, id=7720, stack(0x000000e0f8a00000,0x000000e0f8b00000)]
  0x0000020847e6b800 JavaThread "Cache worker for dependencies-accessors (C:\Users\Vyacheslav Kovalchuk\Desktop\Templates\traver_app\android\.gradle\7.4\dependencies-accessors)" [_thread_blocked, id=1936, stack(0x000000e0f8b00000,0x000000e0f8c00000)]
  0x0000020847e6c000 JavaThread "Cache worker for Build Output Cleanup Cache (C:\Users\Vyacheslav Kovalchuk\Desktop\Templates\traver_app\android\.gradle\buildOutputCleanup)" [_thread_blocked, id=7500, stack(0x000000e0f8c00000,0x000000e0f8d00000)]
  0x0000020847e6e000 JavaThread "Unconstrained build operations" [_thread_blocked, id=7320, stack(0x000000e0f8d00000,0x000000e0f8e00000)]
  0x0000020847e70800 JavaThread "Unconstrained build operations Thread 2" [_thread_blocked, id=6172, stack(0x000000e0f8e00000,0x000000e0f8f00000)]
  0x0000020847e72000 JavaThread "Unconstrained build operations Thread 3" [_thread_blocked, id=4440, stack(0x000000e0f8f00000,0x000000e0f9000000)]
  0x0000020847e71000 JavaThread "Unconstrained build operations Thread 4" [_thread_blocked, id=10740, stack(0x000000e0f9000000,0x000000e0f9100000)]
  0x0000020847e72800 JavaThread "Unconstrained build operations Thread 5" [_thread_blocked, id=7588, stack(0x000000e0f9100000,0x000000e0f9200000)]
  0x0000020847e6d000 JavaThread "Unconstrained build operations Thread 6" [_thread_blocked, id=1192, stack(0x000000e0f9200000,0x000000e0f9300000)]
  0x0000020847e74800 JavaThread "Unconstrained build operations Thread 7" [_thread_blocked, id=5892, stack(0x000000e0f9300000,0x000000e0f9400000)]
  0x0000020847e75000 JavaThread "Unconstrained build operations Thread 8" [_thread_blocked, id=3380, stack(0x000000e0f9400000,0x000000e0f9500000)]
  0x0000020847e73800 JavaThread "Unconstrained build operations Thread 9" [_thread_blocked, id=12756, stack(0x000000e0f9500000,0x000000e0f9600000)]
  0x0000020847e76000 JavaThread "Unconstrained build operations Thread 10" [_thread_blocked, id=10512, stack(0x000000e0f9600000,0x000000e0f9700000)]
  0x0000020847e77000 JavaThread "Unconstrained build operations Thread 11" [_thread_blocked, id=12852, stack(0x000000e0f9700000,0x000000e0f9800000)]
  0x0000020847e77800 JavaThread "Unconstrained build operations Thread 12" [_thread_blocked, id=5820, stack(0x000000e0f9800000,0x000000e0f9900000)]
  0x0000020849257800 JavaThread "Unconstrained build operations Thread 13" [_thread_blocked, id=12636, stack(0x000000e0f9900000,0x000000e0f9a00000)]
  0x0000020849256800 JavaThread "Unconstrained build operations Thread 14" [_thread_blocked, id=4076, stack(0x000000e0f9a00000,0x000000e0f9b00000)]
  0x0000020849259000 JavaThread "Unconstrained build operations Thread 15" [_thread_blocked, id=9804, stack(0x000000e0f9b00000,0x000000e0f9c00000)]
  0x0000020849258000 JavaThread "Unconstrained build operations Thread 16" [_thread_blocked, id=2092, stack(0x000000e0f9c00000,0x000000e0f9d00000)]
  0x0000020849253000 JavaThread "Unconstrained build operations Thread 17" [_thread_blocked, id=9796, stack(0x000000e0f9d00000,0x000000e0f9e00000)]
  0x000002084925a000 JavaThread "Unconstrained build operations Thread 18" [_thread_blocked, id=7072, stack(0x000000e0f9e00000,0x000000e0f9f00000)]
  0x0000020849255800 JavaThread "Unconstrained build operations Thread 19" [_thread_blocked, id=9236, stack(0x000000e0f9f00000,0x000000e0fa000000)]
  0x0000020849254000 JavaThread "Unconstrained build operations Thread 20" [_thread_blocked, id=1980, stack(0x000000e0fa000000,0x000000e0fa100000)]
  0x000002084925a800 JavaThread "Unconstrained build operations Thread 21" [_thread_blocked, id=7248, stack(0x000000e0fa100000,0x000000e0fa200000)]
  0x0000020849255000 JavaThread "Unconstrained build operations Thread 22" [_thread_blocked, id=6340, stack(0x000000e0fa200000,0x000000e0fa300000)]
  0x0000020849260800 JavaThread "Unconstrained build operations Thread 23" [_thread_blocked, id=12620, stack(0x000000e0fa300000,0x000000e0fa400000)]
  0x0000020849261000 JavaThread "Unconstrained build operations Thread 24" [_thread_blocked, id=8400, stack(0x000000e0fa400000,0x000000e0fa500000)]
  0x000002084925f800 JavaThread "Unconstrained build operations Thread 25" [_thread_blocked, id=11492, stack(0x000000e0fa500000,0x000000e0fa600000)]
  0x000002084925d000 JavaThread "Unconstrained build operations Thread 26" [_thread_blocked, id=12548, stack(0x000000e0fa600000,0x000000e0fa700000)]
  0x000002084925e000 JavaThread "Unconstrained build operations Thread 27" [_thread_blocked, id=7140, stack(0x000000e0fa700000,0x000000e0fa800000)]
  0x000002084925e800 JavaThread "Unconstrained build operations Thread 28" [_thread_blocked, id=7792, stack(0x000000e0fa800000,0x000000e0fa900000)]
  0x000002084925b800 JavaThread "Unconstrained build operations Thread 29" [_thread_blocked, id=12512, stack(0x000000e0fa900000,0x000000e0faa00000)]
  0x0000020849262000 JavaThread "Unconstrained build operations Thread 30" [_thread_blocked, id=7784, stack(0x000000e0faa00000,0x000000e0fab00000)]
  0x000002084925c000 JavaThread "Unconstrained build operations Thread 31" [_thread_blocked, id=5384, stack(0x000000e0fab00000,0x000000e0fac00000)]
  0x000002084692e800 JavaThread "Unconstrained build operations Thread 32" [_thread_blocked, id=1572, stack(0x000000e0fac00000,0x000000e0fad00000)]
  0x0000020846930000 JavaThread "Unconstrained build operations Thread 33" [_thread_blocked, id=8312, stack(0x000000e0fad00000,0x000000e0fae00000)]
  0x0000020846931000 JavaThread "Unconstrained build operations Thread 34" [_thread_blocked, id=13104, stack(0x000000e0fae00000,0x000000e0faf00000)]
  0x0000020846934000 JavaThread "Unconstrained build operations Thread 35" [_thread_blocked, id=9396, stack(0x000000e0faf00000,0x000000e0fb000000)]
  0x0000020846935000 JavaThread "Unconstrained build operations Thread 36" [_thread_blocked, id=3208, stack(0x000000e0fb000000,0x000000e0fb100000)]
  0x000002084692f800 JavaThread "Unconstrained build operations Thread 37" [_thread_blocked, id=2176, stack(0x000000e0fb100000,0x000000e0fb200000)]
  0x0000020846937800 JavaThread "Unconstrained build operations Thread 38" [_thread_blocked, id=9544, stack(0x000000e0fb200000,0x000000e0fb300000)]
  0x0000020846936000 JavaThread "Unconstrained build operations Thread 39" [_thread_blocked, id=1856, stack(0x000000e0fb300000,0x000000e0fb400000)]
  0x0000020846933800 JavaThread "Unconstrained build operations Thread 40" [_thread_blocked, id=10104, stack(0x000000e0fb400000,0x000000e0fb500000)]
  0x0000020846932800 JavaThread "Memory manager" [_thread_blocked, id=10868, stack(0x000000e0fb500000,0x000000e0fb600000)]
  0x0000020846938800 JavaThread "build event listener" [_thread_blocked, id=804, stack(0x000000e0fb600000,0x000000e0fb700000)]
  0x0000020846936800 JavaThread "pool-3-thread-1" [_thread_blocked, id=4524, stack(0x000000e0f8200000,0x000000e0f8300000)]
  0x0000020846939000 JavaThread "build event listener" [_thread_blocked, id=10612, stack(0x000000e0fb700000,0x000000e0fb800000)]
  0x000002084693b800 JavaThread "included builds" [_thread_blocked, id=2880, stack(0x000000e0fb800000,0x000000e0fb900000)]
  0x000002084693a800 JavaThread "Execution worker for ':'" [_thread_blocked, id=6448, stack(0x000000e0fb900000,0x000000e0fba00000)]
  0x000002084693d000 JavaThread "Execution worker for ':' Thread 2" [_thread_blocked, id=2888, stack(0x000000e0fba00000,0x000000e0fbb00000)]
  0x000002084693a000 JavaThread "Execution worker for ':' Thread 3" [_thread_blocked, id=5448, stack(0x000000e0fbb00000,0x000000e0fbc00000)]
  0x000002084693c800 JavaThread "Cache worker for execution history cache (C:\Users\Vyacheslav Kovalchuk\Desktop\Templates\traver_app\android\.gradle\7.4\executionHistory)" [_thread_blocked, id=4668, stack(0x000000e0fbc00000,0x000000e0fbd00000)]
  0x000002084de77800 JavaThread "Exec process" [_thread_in_native, id=3368, stack(0x000000e0fc000000,0x000000e0fc100000)]
  0x000002084de76000 JavaThread "Exec process Thread 2" [_thread_blocked, id=1008, stack(0x000000e0fc100000,0x000000e0fc200000)]
  0x000002084de74800 JavaThread "Exec process Thread 3" [_thread_in_native, id=12628, stack(0x000000e0fc200000,0x000000e0fc300000)]

Other Threads:
  0x0000020845e29800 VMThread "VM Thread" [stack: 0x000000e0f6300000,0x000000e0f6400000] [id=4408]
  0x000002084691f800 WatcherThread [stack: 0x000000e0f6d00000,0x000000e0f6e00000] [id=5340]
  0x000002082d59c800 GCTaskThread "GC Thread#0" [stack: 0x000000e0f5e00000,0x000000e0f5f00000] [id=9316]
  0x00000208470b6800 GCTaskThread "GC Thread#1" [stack: 0x000000e0f6e00000,0x000000e0f6f00000] [id=6180]
  0x000002084716f000 GCTaskThread "GC Thread#2" [stack: 0x000000e0f6f00000,0x000000e0f7000000] [id=8508]
  0x0000020849aff800 GCTaskThread "GC Thread#3" [stack: 0x000000e0f7200000,0x000000e0f7300000] [id=13168]
  0x000002082d5c1000 ConcurrentGCThread "G1 Main Marker" [stack: 0x000000e0f5f00000,0x000000e0f6000000] [id=10772]
  0x000002082d5c3800 ConcurrentGCThread "G1 Conc#0" [stack: 0x000000e0f6000000,0x000000e0f6100000] [id=5808]
  0x000002082d653800 ConcurrentGCThread "G1 Refine#0" [stack: 0x000000e0f6100000,0x000000e0f6200000] [id=5592]
  0x000002082d657000 ConcurrentGCThread "G1 Young RemSet Sampling" [stack: 0x000000e0f6200000,0x000000e0f6300000] [id=11572]

Threads with active compile tasks:
C2 CompilerThread0  43950 10477       4       org.gradle.internal.logging.text.AbstractLineChoppingStyledTextOutput$1::execute (9 bytes)

VM state:not at safepoint (normal execution)

VM Mutex/Monitor currently owned by a thread: None

OutOfMemory and StackOverflow Exception counts:
StackOverflowErrors=1
LinkageErrors=92

Heap address: 0x00000000a0000000, size: 1536 MB, Compressed Oops mode: 32-bit
Narrow klass base: 0x0000000000000000, Narrow klass shift: 3
Compressed class space size: 1073741824 Address: 0x0000000100000000

Heap:
 garbage-first heap   total 157696K, used 116193K [0x00000000a0000000, 0x0000000100000000)
  region size 1024K, 12 young (12288K), 2 survivors (2048K)
 Metaspace       used 92484K, capacity 95203K, committed 95516K, reserved 1132544K
  class space    used 12114K, capacity 13121K, committed 13184K, reserved 1048576K
Heap Regions: E=young(eden), S=young(survivor), O=old, HS=humongous(starts), HC=humongous(continues), CS=collection set, F=free, A=archive, TAMS=top-at-mark-start (previous, next)
|   0|0x00000000a0000000, 0x00000000a0100000, 0x00000000a0100000|100%|HS|  |TAMS 0x00000000a0100000, 0x00000000a0000000| Complete 
|   1|0x00000000a0100000, 0x00000000a0200000, 0x00000000a0200000|100%|HC|  |TAMS 0x00000000a0200000, 0x00000000a0100000| Complete 
|   2|0x00000000a0200000, 0x00000000a0300000, 0x00000000a0300000|100%|HC|  |TAMS 0x00000000a0300000, 0x00000000a0200000| Complete 
|   3|0x00000000a0300000, 0x00000000a0400000, 0x00000000a0400000|100%| O|  |TAMS 0x00000000a0400000, 0x00000000a0300000| Untracked 
|   4|0x00000000a0400000, 0x00000000a0500000, 0x00000000a0500000|100%| O|  |TAMS 0x00000000a0500000, 0x00000000a0400000| Untracked 
|   5|0x00000000a0500000, 0x00000000a0600000, 0x00000000a0600000|100%| O|  |TAMS 0x00000000a0600000, 0x00000000a0500000| Untracked 
|   6|0x00000000a0600000, 0x00000000a0700000, 0x00000000a0700000|100%| O|  |TAMS 0x00000000a0700000, 0x00000000a0600000| Untracked 
|   7|0x00000000a0700000, 0x00000000a0800000, 0x00000000a0800000|100%| O|  |TAMS 0x00000000a0800000, 0x00000000a0700000| Untracked 
|   8|0x00000000a0800000, 0x00000000a0900000, 0x00000000a0900000|100%| O|  |TAMS 0x00000000a0900000, 0x00000000a0800000| Untracked 
|   9|0x00000000a0900000, 0x00000000a0a00000, 0x00000000a0a00000|100%| O|  |TAMS 0x00000000a0a00000, 0x00000000a0900000| Untracked 
|  10|0x00000000a0a00000, 0x00000000a0b00000, 0x00000000a0b00000|100%| O|  |TAMS 0x00000000a0b00000, 0x00000000a0a00000| Untracked 
|  11|0x00000000a0b00000, 0x00000000a0c00000, 0x00000000a0c00000|100%| O|  |TAMS 0x00000000a0c00000, 0x00000000a0b00000| Untracked 
|  12|0x00000000a0c00000, 0x00000000a0d00000, 0x00000000a0d00000|100%| O|  |TAMS 0x00000000a0d00000, 0x00000000a0c00000| Untracked 
|  13|0x00000000a0d00000, 0x00000000a0e00000, 0x00000000a0e00000|100%| O|  |TAMS 0x00000000a0e00000, 0x00000000a0d00000| Untracked 
|  14|0x00000000a0e00000, 0x00000000a0f00000, 0x00000000a0f00000|100%| O|  |TAMS 0x00000000a0f00000, 0x00000000a0e00000| Untracked 
|  15|0x00000000a0f00000, 0x00000000a1000000, 0x00000000a1000000|100%| O|  |TAMS 0x00000000a1000000, 0x00000000a0f00000| Untracked 
|  16|0x00000000a1000000, 0x00000000a1100000, 0x00000000a1100000|100%| O|  |TAMS 0x00000000a1100000, 0x00000000a1000000| Untracked 
|  17|0x00000000a1100000, 0x00000000a1200000, 0x00000000a1200000|100%| O|  |TAMS 0x00000000a1200000, 0x00000000a1100000| Untracked 
|  18|0x00000000a1200000, 0x00000000a1300000, 0x00000000a1300000|100%| O|  |TAMS 0x00000000a1300000, 0x00000000a1200000| Untracked 
|  19|0x00000000a1300000, 0x00000000a1400000, 0x00000000a1400000|100%| O|  |TAMS 0x00000000a1400000, 0x00000000a1300000| Untracked 
|  20|0x00000000a1400000, 0x00000000a1500000, 0x00000000a1500000|100%| O|  |TAMS 0x00000000a1500000, 0x00000000a1400000| Untracked 
|  21|0x00000000a1500000, 0x00000000a1600000, 0x00000000a1600000|100%| O|  |TAMS 0x00000000a1600000, 0x00000000a1500000| Untracked 
|  22|0x00000000a1600000, 0x00000000a1700000, 0x00000000a1700000|100%| O|  |TAMS 0x00000000a1700000, 0x00000000a1600000| Untracked 
|  23|0x00000000a1700000, 0x00000000a1800000, 0x00000000a1800000|100%| O|  |TAMS 0x00000000a1800000, 0x00000000a1700000| Untracked 
|  24|0x00000000a1800000, 0x00000000a1900000, 0x00000000a1900000|100%| O|  |TAMS 0x00000000a1900000, 0x00000000a1800000| Untracked 
|  25|0x00000000a1900000, 0x00000000a1a00000, 0x00000000a1a00000|100%| O|  |TAMS 0x00000000a1a00000, 0x00000000a1900000| Untracked 
|  26|0x00000000a1a00000, 0x00000000a1b00000, 0x00000000a1b00000|100%|HS|  |TAMS 0x00000000a1b00000, 0x00000000a1a00000| Complete 
|  27|0x00000000a1b00000, 0x00000000a1c00000, 0x00000000a1c00000|100%|HS|  |TAMS 0x00000000a1c00000, 0x00000000a1b00000| Complete 
|  28|0x00000000a1c00000, 0x00000000a1d00000, 0x00000000a1d00000|100%|HS|  |TAMS 0x00000000a1d00000, 0x00000000a1c00000| Complete 
|  29|0x00000000a1d00000, 0x00000000a1e00000, 0x00000000a1e00000|100%|HS|  |TAMS 0x00000000a1e00000, 0x00000000a1d00000| Complete 
|  30|0x00000000a1e00000, 0x00000000a1f00000, 0x00000000a1f00000|100%|HS|  |TAMS 0x00000000a1f00000, 0x00000000a1e00000| Complete 
|  31|0x00000000a1f00000, 0x00000000a2000000, 0x00000000a2000000|100%|HC|  |TAMS 0x00000000a2000000, 0x00000000a1f00000| Complete 
|  32|0x00000000a2000000, 0x00000000a2100000, 0x00000000a2100000|100%|HC|  |TAMS 0x00000000a2100000, 0x00000000a2000000| Complete 
|  33|0x00000000a2100000, 0x00000000a2200000, 0x00000000a2200000|100%|HS|  |TAMS 0x00000000a2200000, 0x00000000a2100000| Complete 
|  34|0x00000000a2200000, 0x00000000a2300000, 0x00000000a2300000|100%|HC|  |TAMS 0x00000000a2300000, 0x00000000a2200000| Complete 
|  35|0x00000000a2300000, 0x00000000a2400000, 0x00000000a2400000|100%| O|  |TAMS 0x00000000a2400000, 0x00000000a2300000| Untracked 
|  36|0x00000000a2400000, 0x00000000a2500000, 0x00000000a2500000|100%| O|  |TAMS 0x00000000a2500000, 0x00000000a2400000| Untracked 
|  37|0x00000000a2500000, 0x00000000a2600000, 0x00000000a2600000|100%| O|  |TAMS 0x00000000a2600000, 0x00000000a2500000| Untracked 
|  38|0x00000000a2600000, 0x00000000a2700000, 0x00000000a2700000|100%| O|  |TAMS 0x00000000a2700000, 0x00000000a2600000| Untracked 
|  39|0x00000000a2700000, 0x00000000a2800000, 0x00000000a2800000|100%| O|  |TAMS 0x00000000a2800000, 0x00000000a2700000| Untracked 
|  40|0x00000000a2800000, 0x00000000a2900000, 0x00000000a2900000|100%| O|  |TAMS 0x00000000a2900000, 0x00000000a2800000| Untracked 
|  41|0x00000000a2900000, 0x00000000a2a00000, 0x00000000a2a00000|100%| O|  |TAMS 0x00000000a2a00000, 0x00000000a2900000| Untracked 
|  42|0x00000000a2a00000, 0x00000000a2b00000, 0x00000000a2b00000|100%| O|  |TAMS 0x00000000a2b00000, 0x00000000a2a00000| Untracked 
|  43|0x00000000a2b00000, 0x00000000a2c00000, 0x00000000a2c00000|100%| O|  |TAMS 0x00000000a2c00000, 0x00000000a2b00000| Untracked 
|  44|0x00000000a2c00000, 0x00000000a2d00000, 0x00000000a2d00000|100%| O|  |TAMS 0x00000000a2d00000, 0x00000000a2c00000| Untracked 
|  45|0x00000000a2d00000, 0x00000000a2e00000, 0x00000000a2e00000|100%| O|  |TAMS 0x00000000a2e00000, 0x00000000a2d00000| Untracked 
|  46|0x00000000a2e00000, 0x00000000a2f00000, 0x00000000a2f00000|100%| O|  |TAMS 0x00000000a2f00000, 0x00000000a2e00000| Untracked 
|  47|0x00000000a2f00000, 0x00000000a3000000, 0x00000000a3000000|100%| O|  |TAMS 0x00000000a3000000, 0x00000000a2f00000| Untracked 
|  48|0x00000000a3000000, 0x00000000a3100000, 0x00000000a3100000|100%| O|  |TAMS 0x00000000a3100000, 0x00000000a3000000| Untracked 
|  49|0x00000000a3100000, 0x00000000a3200000, 0x00000000a3200000|100%|HS|  |TAMS 0x00000000a3200000, 0x00000000a3100000| Complete 
|  50|0x00000000a3200000, 0x00000000a3300000, 0x00000000a3300000|100%| O|  |TAMS 0x00000000a3300000, 0x00000000a3200000| Untracked 
|  51|0x00000000a3300000, 0x00000000a3400000, 0x00000000a3400000|100%| O|  |TAMS 0x00000000a3400000, 0x00000000a3300000| Untracked 
|  52|0x00000000a3400000, 0x00000000a3500000, 0x00000000a3500000|100%| O|  |TAMS 0x00000000a3500000, 0x00000000a3400000| Untracked 
|  53|0x00000000a3500000, 0x00000000a3600000, 0x00000000a3600000|100%| O|  |TAMS 0x00000000a3600000, 0x00000000a3500000| Untracked 
|  54|0x00000000a3600000, 0x00000000a3700000, 0x00000000a3700000|100%| O|  |TAMS 0x00000000a3700000, 0x00000000a3600000| Untracked 
|  55|0x00000000a3700000, 0x00000000a3800000, 0x00000000a3800000|100%|HS|  |TAMS 0x00000000a3800000, 0x00000000a3700000| Complete 
|  56|0x00000000a3800000, 0x00000000a3900000, 0x00000000a3900000|100%|HC|  |TAMS 0x00000000a3900000, 0x00000000a3800000| Complete 
|  57|0x00000000a3900000, 0x00000000a3a00000, 0x00000000a3a00000|100%| O|  |TAMS 0x00000000a3a00000, 0x00000000a3900000| Untracked 
|  58|0x00000000a3a00000, 0x00000000a3b00000, 0x00000000a3b00000|100%| O|  |TAMS 0x00000000a3b00000, 0x00000000a3a00000| Untracked 
|  59|0x00000000a3b00000, 0x00000000a3c00000, 0x00000000a3c00000|100%| O|  |TAMS 0x00000000a3c00000, 0x00000000a3b00000| Untracked 
|  60|0x00000000a3c00000, 0x00000000a3d00000, 0x00000000a3d00000|100%| O|  |TAMS 0x00000000a3d00000, 0x00000000a3c00000| Untracked 
|  61|0x00000000a3d00000, 0x00000000a3e00000, 0x00000000a3e00000|100%| O|  |TAMS 0x00000000a3e00000, 0x00000000a3d00000| Untracked 
|  62|0x00000000a3e00000, 0x00000000a3f00000, 0x00000000a3f00000|100%| O|  |TAMS 0x00000000a3f00000, 0x00000000a3e00000| Untracked 
|  63|0x00000000a3f00000, 0x00000000a4000000, 0x00000000a4000000|100%| O|  |TAMS 0x00000000a4000000, 0x00000000a3f00000| Untracked 
|  64|0x00000000a4000000, 0x00000000a4100000, 0x00000000a4100000|100%| O|  |TAMS 0x00000000a4100000, 0x00000000a4000000| Untracked 
|  65|0x00000000a4100000, 0x00000000a4200000, 0x00000000a4200000|100%| O|  |TAMS 0x00000000a4200000, 0x00000000a4100000| Untracked 
|  66|0x00000000a4200000, 0x00000000a4300000, 0x00000000a4300000|100%| O|  |TAMS 0x00000000a4300000, 0x00000000a4200000| Untracked 
|  67|0x00000000a4300000, 0x00000000a4400000, 0x00000000a4400000|100%| O|  |TAMS 0x00000000a4400000, 0x00000000a4300000| Untracked 
|  68|0x00000000a4400000, 0x00000000a4500000, 0x00000000a4500000|100%| O|  |TAMS 0x00000000a4500000, 0x00000000a4400000| Untracked 
|  69|0x00000000a4500000, 0x00000000a4600000, 0x00000000a4600000|100%| O|  |TAMS 0x00000000a4600000, 0x00000000a4500000| Untracked 
|  70|0x00000000a4600000, 0x00000000a4700000, 0x00000000a4700000|100%| O|  |TAMS 0x00000000a4700000, 0x00000000a4600000| Untracked 
|  71|0x00000000a4700000, 0x00000000a4800000, 0x00000000a4800000|100%| O|  |TAMS 0x00000000a4800000, 0x00000000a4700000| Untracked 
|  72|0x00000000a4800000, 0x00000000a4900000, 0x00000000a4900000|100%| O|  |TAMS 0x00000000a4900000, 0x00000000a4800000| Untracked 
|  73|0x00000000a4900000, 0x00000000a4a00000, 0x00000000a4a00000|100%| O|  |TAMS 0x00000000a4a00000, 0x00000000a4900000| Untracked 
|  74|0x00000000a4a00000, 0x00000000a4b00000, 0x00000000a4b00000|100%| O|  |TAMS 0x00000000a4b00000, 0x00000000a4a00000| Untracked 
|  75|0x00000000a4b00000, 0x00000000a4c00000, 0x00000000a4c00000|100%| O|  |TAMS 0x00000000a4c00000, 0x00000000a4b00000| Untracked 
|  76|0x00000000a4c00000, 0x00000000a4d00000, 0x00000000a4d00000|100%| O|  |TAMS 0x00000000a4d00000, 0x00000000a4c00000| Untracked 
|  77|0x00000000a4d00000, 0x00000000a4e00000, 0x00000000a4e00000|100%| O|  |TAMS 0x00000000a4e00000, 0x00000000a4d00000| Untracked 
|  78|0x00000000a4e00000, 0x00000000a4f00000, 0x00000000a4f00000|100%| O|  |TAMS 0x00000000a4f00000, 0x00000000a4e00000| Untracked 
|  79|0x00000000a4f00000, 0x00000000a5000000, 0x00000000a5000000|100%| O|  |TAMS 0x00000000a5000000, 0x00000000a4f00000| Untracked 
|  80|0x00000000a5000000, 0x00000000a5100000, 0x00000000a5100000|100%| O|  |TAMS 0x00000000a5100000, 0x00000000a5000000| Untracked 
|  81|0x00000000a5100000, 0x00000000a5200000, 0x00000000a5200000|100%|HS|  |TAMS 0x00000000a5200000, 0x00000000a5100000| Complete 
|  82|0x00000000a5200000, 0x00000000a5300000, 0x00000000a5300000|100%|HS|  |TAMS 0x00000000a5300000, 0x00000000a5200000| Complete 
|  83|0x00000000a5300000, 0x00000000a5400000, 0x00000000a5400000|100%| O|  |TAMS 0x00000000a5400000, 0x00000000a5300000| Untracked 
|  84|0x00000000a5400000, 0x00000000a5500000, 0x00000000a5500000|100%| O|  |TAMS 0x00000000a5500000, 0x00000000a5400000| Untracked 
|  85|0x00000000a5500000, 0x00000000a5600000, 0x00000000a5600000|100%| O|  |TAMS 0x00000000a5600000, 0x00000000a5500000| Untracked 
|  86|0x00000000a5600000, 0x00000000a5700000, 0x00000000a5700000|100%| O|  |TAMS 0x00000000a5700000, 0x00000000a5600000| Untracked 
|  87|0x00000000a5700000, 0x00000000a5800000, 0x00000000a5800000|100%| O|  |TAMS 0x00000000a5800000, 0x00000000a5700000| Untracked 
|  88|0x00000000a5800000, 0x00000000a5900000, 0x00000000a5900000|100%| O|  |TAMS 0x00000000a5900000, 0x00000000a5800000| Untracked 
|  89|0x00000000a5900000, 0x00000000a5a00000, 0x00000000a5a00000|100%| O|  |TAMS 0x00000000a5a00000, 0x00000000a5900000| Untracked 
|  90|0x00000000a5a00000, 0x00000000a5b00000, 0x00000000a5b00000|100%| O|  |TAMS 0x00000000a5b00000, 0x00000000a5a00000| Untracked 
|  91|0x00000000a5b00000, 0x00000000a5c00000, 0x00000000a5c00000|100%| O|  |TAMS 0x00000000a5c00000, 0x00000000a5b00000| Untracked 
|  92|0x00000000a5c00000, 0x00000000a5d00000, 0x00000000a5d00000|100%| O|  |TAMS 0x00000000a5d00000, 0x00000000a5c00000| Untracked 
|  93|0x00000000a5d00000, 0x00000000a5e00000, 0x00000000a5e00000|100%| O|  |TAMS 0x00000000a5e00000, 0x00000000a5d00000| Untracked 
|  94|0x00000000a5e00000, 0x00000000a5f00000, 0x00000000a5f00000|100%| O|  |TAMS 0x00000000a5f00000, 0x00000000a5e00000| Untracked 
|  95|0x00000000a5f00000, 0x00000000a6000000, 0x00000000a6000000|100%| O|  |TAMS 0x00000000a6000000, 0x00000000a5f00000| Untracked 
|  96|0x00000000a6000000, 0x00000000a6100000, 0x00000000a6100000|100%| O|  |TAMS 0x00000000a6100000, 0x00000000a6000000| Untracked 
|  97|0x00000000a6100000, 0x00000000a6200000, 0x00000000a6200000|100%| O|  |TAMS 0x00000000a6200000, 0x00000000a6100000| Untracked 
|  98|0x00000000a6200000, 0x00000000a6300000, 0x00000000a6300000|100%| O|  |TAMS 0x00000000a6300000, 0x00000000a6200000| Untracked 
|  99|0x00000000a6300000, 0x00000000a6400000, 0x00000000a6400000|100%| O|  |TAMS 0x00000000a6400000, 0x00000000a6300000| Untracked 
| 100|0x00000000a6400000, 0x00000000a6500000, 0x00000000a6500000|100%| O|  |TAMS 0x00000000a6500000, 0x00000000a6400000| Untracked 
| 101|0x00000000a6500000, 0x00000000a6600000, 0x00000000a6600000|100%| O|  |TAMS 0x00000000a6600000, 0x00000000a6500000| Untracked 
| 102|0x00000000a6600000, 0x00000000a66d6c00, 0x00000000a6700000| 83%| O|  |TAMS 0x00000000a66d6c00, 0x00000000a6600000| Untracked 
| 103|0x00000000a6700000, 0x00000000a6700000, 0x00000000a6800000|  0%| F|  |TAMS 0x00000000a6700000, 0x00000000a6700000| Untracked 
| 104|0x00000000a6800000, 0x00000000a6800000, 0x00000000a6900000|  0%| F|  |TAMS 0x00000000a6800000, 0x00000000a6800000| Untracked 
| 105|0x00000000a6900000, 0x00000000a6900000, 0x00000000a6a00000|  0%| F|  |TAMS 0x00000000a6900000, 0x00000000a6900000| Untracked 
| 106|0x00000000a6a00000, 0x00000000a6a00000, 0x00000000a6b00000|  0%| F|  |TAMS 0x00000000a6a00000, 0x00000000a6a00000| Untracked 
| 107|0x00000000a6b00000, 0x00000000a6b00000, 0x00000000a6c00000|  0%| F|  |TAMS 0x00000000a6b00000, 0x00000000a6b00000| Untracked 
| 108|0x00000000a6c00000, 0x00000000a6c00000, 0x00000000a6d00000|  0%| F|  |TAMS 0x00000000a6c00000, 0x00000000a6c00000| Untracked 
| 109|0x00000000a6d00000, 0x00000000a6d00000, 0x00000000a6e00000|  0%| F|  |TAMS 0x00000000a6d00000, 0x00000000a6d00000| Untracked 
| 110|0x00000000a6e00000, 0x00000000a6e00000, 0x00000000a6f00000|  0%| F|  |TAMS 0x00000000a6e00000, 0x00000000a6e00000| Untracked 
| 111|0x00000000a6f00000, 0x00000000a6f00000, 0x00000000a7000000|  0%| F|  |TAMS 0x00000000a6f00000, 0x00000000a6f00000| Untracked 
| 112|0x00000000a7000000, 0x00000000a7000000, 0x00000000a7100000|  0%| F|  |TAMS 0x00000000a7000000, 0x00000000a7000000| Untracked 
| 113|0x00000000a7100000, 0x00000000a7100000, 0x00000000a7200000|  0%| F|  |TAMS 0x00000000a7100000, 0x00000000a7100000| Untracked 
| 114|0x00000000a7200000, 0x00000000a7200000, 0x00000000a7300000|  0%| F|  |TAMS 0x00000000a7200000, 0x00000000a7200000| Untracked 
| 115|0x00000000a7300000, 0x00000000a7300000, 0x00000000a7400000|  0%| F|  |TAMS 0x00000000a7300000, 0x00000000a7300000| Untracked 
| 116|0x00000000a7400000, 0x00000000a7400000, 0x00000000a7500000|  0%| F|  |TAMS 0x00000000a7400000, 0x00000000a7400000| Untracked 
| 117|0x00000000a7500000, 0x00000000a7500000, 0x00000000a7600000|  0%| F|  |TAMS 0x00000000a7500000, 0x00000000a7500000| Untracked 
| 118|0x00000000a7600000, 0x00000000a7600000, 0x00000000a7700000|  0%| F|  |TAMS 0x00000000a7600000, 0x00000000a7600000| Untracked 
| 119|0x00000000a7700000, 0x00000000a7700000, 0x00000000a7800000|  0%| F|  |TAMS 0x00000000a7700000, 0x00000000a7700000| Untracked 
| 120|0x00000000a7800000, 0x00000000a7800000, 0x00000000a7900000|  0%| F|  |TAMS 0x00000000a7800000, 0x00000000a7800000| Untracked 
| 121|0x00000000a7900000, 0x00000000a7900000, 0x00000000a7a00000|  0%| F|  |TAMS 0x00000000a7900000, 0x00000000a7900000| Untracked 
| 122|0x00000000a7a00000, 0x00000000a7a00000, 0x00000000a7b00000|  0%| F|  |TAMS 0x00000000a7a00000, 0x00000000a7a00000| Untracked 
| 123|0x00000000a7b00000, 0x00000000a7b00000, 0x00000000a7c00000|  0%| F|  |TAMS 0x00000000a7b00000, 0x00000000a7b00000| Untracked 
| 124|0x00000000a7c00000, 0x00000000a7c00000, 0x00000000a7d00000|  0%| F|  |TAMS 0x00000000a7c00000, 0x00000000a7c00000| Untracked 
| 125|0x00000000a7d00000, 0x00000000a7d00000, 0x00000000a7e00000|  0%| F|  |TAMS 0x00000000a7d00000, 0x00000000a7d00000| Untracked 
| 126|0x00000000a7e00000, 0x00000000a7e00000, 0x00000000a7f00000|  0%| F|  |TAMS 0x00000000a7e00000, 0x00000000a7e00000| Untracked 
| 127|0x00000000a7f00000, 0x00000000a7fa1a00, 0x00000000a8000000| 63%| S|CS|TAMS 0x00000000a7f00000, 0x00000000a7f00000| Complete 
| 128|0x00000000a8000000, 0x00000000a8100000, 0x00000000a8100000|100%| S|CS|TAMS 0x00000000a8000000, 0x00000000a8000000| Complete 
| 129|0x00000000a8100000, 0x00000000a8100000, 0x00000000a8200000|  0%| F|  |TAMS 0x00000000a8100000, 0x00000000a8100000| Untracked 
| 130|0x00000000a8200000, 0x00000000a8200000, 0x00000000a8300000|  0%| F|  |TAMS 0x00000000a8200000, 0x00000000a8200000| Untracked 
| 131|0x00000000a8300000, 0x00000000a8300000, 0x00000000a8400000|  0%| F|  |TAMS 0x00000000a8300000, 0x00000000a8300000| Untracked 
| 132|0x00000000a8400000, 0x00000000a8400000, 0x00000000a8500000|  0%| F|  |TAMS 0x00000000a8400000, 0x00000000a8400000| Untracked 
| 133|0x00000000a8500000, 0x00000000a8500000, 0x00000000a8600000|  0%| F|  |TAMS 0x00000000a8500000, 0x00000000a8500000| Untracked 
| 134|0x00000000a8600000, 0x00000000a8600000, 0x00000000a8700000|  0%| F|  |TAMS 0x00000000a8600000, 0x00000000a8600000| Untracked 
| 135|0x00000000a8700000, 0x00000000a8700000, 0x00000000a8800000|  0%| F|  |TAMS 0x00000000a8700000, 0x00000000a8700000| Untracked 
| 136|0x00000000a8800000, 0x00000000a8800000, 0x00000000a8900000|  0%| F|  |TAMS 0x00000000a8800000, 0x00000000a8800000| Untracked 
| 137|0x00000000a8900000, 0x00000000a8900000, 0x00000000a8a00000|  0%| F|  |TAMS 0x00000000a8900000, 0x00000000a8900000| Untracked 
| 138|0x00000000a8a00000, 0x00000000a8a00000, 0x00000000a8b00000|  0%| F|  |TAMS 0x00000000a8a00000, 0x00000000a8a00000| Untracked 
| 139|0x00000000a8b00000, 0x00000000a8b00000, 0x00000000a8c00000|  0%| F|  |TAMS 0x00000000a8b00000, 0x00000000a8b00000| Untracked 
| 140|0x00000000a8c00000, 0x00000000a8c00000, 0x00000000a8d00000|  0%| F|  |TAMS 0x00000000a8c00000, 0x00000000a8c00000| Untracked 
| 141|0x00000000a8d00000, 0x00000000a8d00000, 0x00000000a8e00000|  0%| F|  |TAMS 0x00000000a8d00000, 0x00000000a8d00000| Untracked 
| 142|0x00000000a8e00000, 0x00000000a8e00000, 0x00000000a8f00000|  0%| F|  |TAMS 0x00000000a8e00000, 0x00000000a8e00000| Untracked 
| 143|0x00000000a8f00000, 0x00000000a8f00000, 0x00000000a9000000|  0%| F|  |TAMS 0x00000000a8f00000, 0x00000000a8f00000| Untracked 
| 144|0x00000000a9000000, 0x00000000a904dd08, 0x00000000a9100000| 30%| E|  |TAMS 0x00000000a9000000, 0x00000000a9000000| Complete 
| 145|0x00000000a9100000, 0x00000000a9200000, 0x00000000a9200000|100%| E|CS|TAMS 0x00000000a9100000, 0x00000000a9100000| Complete 
| 146|0x00000000a9200000, 0x00000000a9300000, 0x00000000a9300000|100%| E|CS|TAMS 0x00000000a9200000, 0x00000000a9200000| Complete 
| 147|0x00000000a9300000, 0x00000000a9400000, 0x00000000a9400000|100%| E|CS|TAMS 0x00000000a9300000, 0x00000000a9300000| Complete 
| 148|0x00000000a9400000, 0x00000000a9500000, 0x00000000a9500000|100%| E|CS|TAMS 0x00000000a9400000, 0x00000000a9400000| Complete 
| 149|0x00000000a9500000, 0x00000000a9600000, 0x00000000a9600000|100%| E|CS|TAMS 0x00000000a9500000, 0x00000000a9500000| Complete 
| 150|0x00000000a9600000, 0x00000000a9700000, 0x00000000a9700000|100%| E|CS|TAMS 0x00000000a9600000, 0x00000000a9600000| Complete 
| 151|0x00000000a9700000, 0x00000000a9800000, 0x00000000a9800000|100%| E|CS|TAMS 0x00000000a9700000, 0x00000000a9700000| Complete 
| 152|0x00000000a9800000, 0x00000000a9900000, 0x00000000a9900000|100%| E|CS|TAMS 0x00000000a9800000, 0x00000000a9800000| Complete 
| 153|0x00000000a9900000, 0x00000000a9a00000, 0x00000000a9a00000|100%| E|CS|TAMS 0x00000000a9900000, 0x00000000a9900000| Complete 

Card table byte_map: [0x0000020840370000,0x0000020840670000] _byte_map_base: 0x000002083fe70000

Marking Bits (Prev, Next): (CMBitMap*) 0x000002082d5ba6a0, (CMBitMap*) 0x000002082d5ba668
 Prev Bits: [0x0000020842170000, 0x0000020843970000)
 Next Bits: [0x0000020840970000, 0x0000020842170000)

Polling page: 0x000002082b510000

Metaspace:

Usage:
  Non-class:     80.16 MB capacity,    78.49 MB ( 98%) used,     1.42 MB (  2%) free+waste,   262.63 KB ( <1%) overhead. 
      Class:     12.81 MB capacity,    11.83 MB ( 92%) used,   884.14 KB (  7%) free+waste,   122.44 KB ( <1%) overhead. 
       Both:     92.97 MB capacity,    90.32 MB ( 97%) used,     2.28 MB (  2%) free+waste,   385.06 KB ( <1%) overhead. 

Virtual space:
  Non-class space:       82.00 MB reserved,      80.40 MB ( 98%) committed 
      Class space:        1.00 GB reserved,      12.88 MB (  1%) committed 
             Both:        1.08 GB reserved,      93.28 MB (  8%) committed 

Chunk freelists:
   Non-Class:  0 bytes
       Class:  0 bytes
        Both:  0 bytes

MaxMetaspaceSize: 17179869184.00 GB
CompressedClassSpaceSize: 1.00 GB

CodeHeap 'non-profiled nmethods': size=120064Kb used=6639Kb max_used=6639Kb free=113424Kb
 bounds [0x0000020838b30000, 0x00000208391b0000, 0x0000020840070000]
CodeHeap 'profiled nmethods': size=120000Kb used=22381Kb max_used=22381Kb free=97618Kb
 bounds [0x0000020831600000, 0x0000020832be0000, 0x0000020838b30000]
CodeHeap 'non-nmethods': size=5696Kb used=2286Kb max_used=2338Kb free=3409Kb
 bounds [0x0000020831070000, 0x00000208312e0000, 0x0000020831600000]
 total_blobs=11307 nmethods=10414 adapters=804
 compilation: enabled
              stopped_count=0, restarted_count=0
 full_count=0

Compilation events (20 events):
Event: 36.081 Thread 0x0000020846ced000 nmethod 10450 0x00000208391a2b90 code [0x00000208391a30e0, 0x00000208391a6ed8]
Event: 36.266 Thread 0x0000020845e79800 10469       4       java.util.concurrent.locks.AbstractQueuedSynchronizer$ConditionObject::addConditionWaiter (79 bytes)
Event: 36.278 Thread 0x0000020845e79800 nmethod 10469 0x00000208391a9910 code [0x00000208391a9ac0, 0x00000208391aa098]
Event: 37.349 Thread 0x0000020845e79800 10470       4       java.util.concurrent.locks.AbstractQueuedSynchronizer::enq (37 bytes)
Event: 37.358 Thread 0x0000020845e79800 nmethod 10470 0x00000208391aa210 code [0x00000208391aa3c0, 0x00000208391aa708]
Event: 38.789 Thread 0x0000020845e7d000 10471       3       sun.nio.ch.FileKey::hashCode (42 bytes)
Event: 38.789 Thread 0x0000020845e7d000 nmethod 10471 0x0000020832bda510 code [0x0000020832bda6c0, 0x0000020832bda7f8]
Event: 38.789 Thread 0x0000020845e7d000 10472       1       org.gradle.cache.internal.filelock.FileLockOutcome$3::isLockWasAcquired (2 bytes)
Event: 38.789 Thread 0x0000020845e7d000 nmethod 10472 0x00000208391aa810 code [0x00000208391aa9c0, 0x00000208391aaa78]
Event: 38.791 Thread 0x0000020845e7d000 10473       1       org.gradle.cache.internal.filelock.LockOptionsBuilder::getMode (5 bytes)
Event: 38.791 Thread 0x0000020845e7d000 nmethod 10473 0x00000208391aab10 code [0x00000208391aacc0, 0x00000208391aad78]
Event: 38.791 Thread 0x0000020845e7d000 10474       3       org.gradle.internal.serialize.InputStreamBackedDecoder::readInt (8 bytes)
Event: 38.792 Thread 0x0000020845e7d000 nmethod 10474 0x0000020832bda890 code [0x0000020832bdaa40, 0x0000020832bdab68]
Event: 41.874 Thread 0x0000020845e7d000 10475       3       java.util.HashMap$ValueSpliterator::characteristics (28 bytes)
Event: 41.874 Thread 0x0000020845e7d000 nmethod 10475 0x0000020832bdac10 code [0x0000020832bdadc0, 0x0000020832bdaf78]
Event: 42.883 Thread 0x0000020845e79800 10476       4       java.util.ComparableTimSort::binarySort (223 bytes)
Event: 42.904 Thread 0x0000020845e79800 nmethod 10476 0x00000208391aae10 code [0x00000208391aafe0, 0x00000208391ab928]
Event: 43.806 Thread 0x0000020845e79800 10477       4       org.gradle.internal.logging.text.AbstractLineChoppingStyledTextOutput$1::execute (9 bytes)
Event: 43.807 Thread 0x0000020845e7d000 10481       2       org.gradle.internal.logging.text.AbstractLineChoppingStyledTextOutput::doAppend (43 bytes)
Event: 43.808 Thread 0x0000020845e7d000 nmethod 10481 0x0000020832bdb010 code [0x0000020832bdb1e0, 0x0000020832bdb4a8]

GC Heap History (20 events):
Event: 27.010 GC heap before
{Heap before GC invocations=24 (full 0):
 garbage-first heap   total 131072K, used 109394K [0x00000000a0000000, 0x0000000100000000)
  region size 1024K, 39 young (39936K), 5 survivors (5120K)
 Metaspace       used 75974K, capacity 78046K, committed 78364K, reserved 1118208K
  class space    used 9800K, capacity 10500K, committed 10624K, reserved 1048576K
}
Event: 27.020 GC heap after
{Heap after GC invocations=25 (full 0):
 garbage-first heap   total 131072K, used 76712K [0x00000000a0000000, 0x0000000100000000)
  region size 1024K, 5 young (5120K), 5 survivors (5120K)
 Metaspace       used 75974K, capacity 78046K, committed 78364K, reserved 1118208K
  class space    used 9800K, capacity 10500K, committed 10624K, reserved 1048576K
}
Event: 27.401 GC heap before
{Heap before GC invocations=25 (full 0):
 garbage-first heap   total 131072K, used 109480K [0x00000000a0000000, 0x0000000100000000)
  region size 1024K, 37 young (37888K), 5 survivors (5120K)
 Metaspace       used 76904K, capacity 78937K, committed 79004K, reserved 1118208K
  class space    used 9971K, capacity 10734K, committed 10752K, reserved 1048576K
}
Event: 27.422 GC heap after
{Heap after GC invocations=26 (full 0):
 garbage-first heap   total 131072K, used 79872K [0x00000000a0000000, 0x0000000100000000)
  region size 1024K, 5 young (5120K), 5 survivors (5120K)
 Metaspace       used 76904K, capacity 78937K, committed 79004K, reserved 1118208K
  class space    used 9971K, capacity 10734K, committed 10752K, reserved 1048576K
}
Event: 27.980 GC heap before
{Heap before GC invocations=27 (full 0):
 garbage-first heap   total 131072K, used 110592K [0x00000000a0000000, 0x0000000100000000)
  region size 1024K, 35 young (35840K), 5 survivors (5120K)
 Metaspace       used 78374K, capacity 80546K, committed 80796K, reserved 1120256K
  class space    used 10192K, capacity 11004K, committed 11008K, reserved 1048576K
}
Event: 27.994 GC heap after
{Heap after GC invocations=28 (full 0):
 garbage-first heap   total 131072K, used 83661K [0x00000000a0000000, 0x0000000100000000)
  region size 1024K, 4 young (4096K), 4 survivors (4096K)
 Metaspace       used 78374K, capacity 80546K, committed 80796K, reserved 1120256K
  class space    used 10192K, capacity 11004K, committed 11008K, reserved 1048576K
}
Event: 28.308 GC heap before
{Heap before GC invocations=28 (full 0):
 garbage-first heap   total 131072K, used 97997K [0x00000000a0000000, 0x0000000100000000)
  region size 1024K, 19 young (19456K), 4 survivors (4096K)
 Metaspace       used 78892K, capacity 81205K, committed 81436K, reserved 1120256K
  class space    used 10241K, capacity 11085K, committed 11136K, reserved 1048576K
}
Event: 28.317 GC heap after
{Heap after GC invocations=29 (full 0):
 garbage-first heap   total 157696K, used 84121K [0x00000000a0000000, 0x0000000100000000)
  region size 1024K, 2 young (2048K), 2 survivors (2048K)
 Metaspace       used 78892K, capacity 81205K, committed 81436K, reserved 1120256K
  class space    used 10241K, capacity 11085K, committed 11136K, reserved 1048576K
}
Event: 29.358 GC heap before
{Heap before GC invocations=30 (full 0):
 garbage-first heap   total 157696K, used 124057K [0x00000000a0000000, 0x0000000100000000)
  region size 1024K, 40 young (40960K), 2 survivors (2048K)
 Metaspace       used 80909K, capacity 83302K, committed 83612K, reserved 1122304K
  class space    used 10563K, capacity 11434K, committed 11520K, reserved 1048576K
}
Event: 29.368 GC heap after
{Heap after GC invocations=31 (full 0):
 garbage-first heap   total 157696K, used 92307K [0x00000000a0000000, 0x0000000100000000)
  region size 1024K, 5 young (5120K), 5 survivors (5120K)
 Metaspace       used 80909K, capacity 83302K, committed 83612K, reserved 1122304K
  class space    used 10563K, capacity 11434K, committed 11520K, reserved 1048576K
}
Event: 29.980 GC heap before
{Heap before GC invocations=31 (full 0):
 garbage-first heap   total 157696K, used 127123K [0x00000000a0000000, 0x0000000100000000)
  region size 1024K, 39 young (39936K), 5 survivors (5120K)
 Metaspace       used 83699K, capacity 86113K, committed 86300K, reserved 1124352K
  class space    used 10951K, capacity 11811K, committed 11904K, reserved 1048576K
}
Event: 29.996 GC heap after
{Heap after GC invocations=32 (full 0):
 garbage-first heap   total 157696K, used 94860K [0x00000000a0000000, 0x0000000100000000)
  region size 1024K, 3 young (3072K), 3 survivors (3072K)
 Metaspace       used 83699K, capacity 86113K, committed 86300K, reserved 1124352K
  class space    used 10951K, capacity 11811K, committed 11904K, reserved 1048576K
}
Event: 31.068 GC heap before
{Heap before GC invocations=33 (full 0):
 garbage-first heap   total 157696K, used 128652K [0x00000000a0000000, 0x0000000100000000)
  region size 1024K, 36 young (36864K), 3 survivors (3072K)
 Metaspace       used 86988K, capacity 89396K, committed 89628K, reserved 1126400K
  class space    used 11385K, capacity 12291K, committed 12416K, reserved 1048576K
}
Event: 31.079 GC heap after
{Heap after GC invocations=34 (full 0):
 garbage-first heap   total 157696K, used 97082K [0x00000000a0000000, 0x0000000100000000)
  region size 1024K, 5 young (5120K), 5 survivors (5120K)
 Metaspace       used 86988K, capacity 89396K, committed 89628K, reserved 1126400K
  class space    used 11385K, capacity 12291K, committed 12416K, reserved 1048576K
}
Event: 32.181 GC heap before
{Heap before GC invocations=34 (full 0):
 garbage-first heap   total 157696K, used 130874K [0x00000000a0000000, 0x0000000100000000)
  region size 1024K, 38 young (38912K), 5 survivors (5120K)
 Metaspace       used 88580K, capacity 90995K, committed 91292K, reserved 1128448K
  class space    used 11590K, capacity 12486K, committed 12544K, reserved 1048576K
}
Event: 32.194 GC heap after
{Heap after GC invocations=35 (full 0):
 garbage-first heap   total 157696K, used 100616K [0x00000000a0000000, 0x0000000100000000)
  region size 1024K, 5 young (5120K), 5 survivors (5120K)
 Metaspace       used 88580K, capacity 90995K, committed 91292K, reserved 1128448K
  class space    used 11590K, capacity 12486K, committed 12544K, reserved 1048576K
}
Event: 33.623 GC heap before
{Heap before GC invocations=36 (full 0):
 garbage-first heap   total 157696K, used 130312K [0x00000000a0000000, 0x0000000100000000)
  region size 1024K, 35 young (35840K), 5 survivors (5120K)
 Metaspace       used 91598K, capacity 94228K, committed 94236K, reserved 1130496K
  class space    used 11950K, capacity 12920K, committed 12928K, reserved 1048576K
}
Event: 33.641 GC heap after
{Heap after GC invocations=37 (full 0):
 garbage-first heap   total 157696K, used 105812K [0x00000000a0000000, 0x0000000100000000)
  region size 1024K, 5 young (5120K), 5 survivors (5120K)
 Metaspace       used 91598K, capacity 94228K, committed 94236K, reserved 1130496K
  class space    used 11950K, capacity 12920K, committed 12928K, reserved 1048576K
}
Event: 35.154 GC heap before
{Heap before GC invocations=37 (full 0):
 garbage-first heap   total 157696K, used 131412K [0x00000000a0000000, 0x0000000100000000)
  region size 1024K, 30 young (30720K), 5 survivors (5120K)
 Metaspace       used 91884K, capacity 94517K, committed 94620K, reserved 1130496K
  class space    used 12003K, capacity 12992K, committed 13056K, reserved 1048576K
}
Event: 35.166 GC heap after
{Heap after GC invocations=38 (full 0):
 garbage-first heap   total 157696K, used 106977K [0x00000000a0000000, 0x0000000100000000)
  region size 1024K, 2 young (2048K), 2 survivors (2048K)
 Metaspace       used 91884K, capacity 94517K, committed 94620K, reserved 1130496K
  class space    used 12003K, capacity 12992K, committed 13056K, reserved 1048576K
}

Deoptimization events (20 events):
Event: 35.454 Thread 0x000002084693b800 Uncommon trap: trap_request=0xffffffc6 fr.pc=0x000002083915a0c8 relative=0x0000000000000368
Event: 35.454 Thread 0x000002084693b800 Uncommon trap: reason=bimorphic_or_optimized_type_check action=maybe_recompile pc=0x000002083915a0c8 method=java.util.stream.StreamOpFlag.fromCharacteristics(Ljava/util/Spliterator;)I @ 14 c2
Event: 35.454 Thread 0x000002084693b800 DEOPT PACKING pc=0x000002083915a0c8 sp=0x000000e0fb8fbc50
Event: 35.454 Thread 0x000002084693b800 DEOPT UNPACKING pc=0x00000208310978af sp=0x000000e0fb8fbb38 mode 2
Event: 35.460 Thread 0x000002084693b800 Uncommon trap: trap_request=0xffffff4d fr.pc=0x000002083904ad9c relative=0x000000000000007c
Event: 35.460 Thread 0x000002084693b800 Uncommon trap: reason=unstable_if action=reinterpret pc=0x000002083904ad9c method=java.util.Spliterator.getExactSizeIfKnown()J @ 9 c2
Event: 35.460 Thread 0x000002084693b800 DEOPT PACKING pc=0x000002083904ad9c sp=0x000000e0fb8fbb80
Event: 35.460 Thread 0x000002084693b800 DEOPT UNPACKING pc=0x00000208310978af sp=0x000000e0fb8fbb18 mode 2
Event: 35.479 Thread 0x000002084693b800 Uncommon trap: trap_request=0xffffffde fr.pc=0x000002083915d278 relative=0x00000000000008d8
Event: 35.479 Thread 0x000002084693b800 Uncommon trap: reason=class_check action=maybe_recompile pc=0x000002083915d278 method=org.gradle.internal.snapshot.ChildMap$Entry.handleAncestorDescendantOrExactMatch(Lorg/gradle/internal/snapshot/VfsRelativePath;Lorg/gradle/internal/snapshot/CaseSensitiv
Event: 35.479 Thread 0x000002084693b800 DEOPT PACKING pc=0x000002083915d278 sp=0x000000e0fb8f92e0
Event: 35.479 Thread 0x000002084693b800 DEOPT UNPACKING pc=0x00000208310978af sp=0x000000e0fb8f92c8 mode 2
Event: 35.501 Thread 0x000002084693b800 Uncommon trap: trap_request=0xffffffde fr.pc=0x000002083915d360 relative=0x00000000000009c0
Event: 35.501 Thread 0x000002084693b800 Uncommon trap: reason=class_check action=maybe_recompile pc=0x000002083915d360 method=org.gradle.internal.snapshot.ChildMap$Entry.handleAncestorDescendantOrExactMatch(Lorg/gradle/internal/snapshot/VfsRelativePath;Lorg/gradle/internal/snapshot/CaseSensitiv
Event: 35.501 Thread 0x000002084693b800 DEOPT PACKING pc=0x000002083915d360 sp=0x000000e0fb8f9a00
Event: 35.501 Thread 0x000002084693b800 DEOPT UNPACKING pc=0x00000208310978af sp=0x000000e0fb8f99e0 mode 2
Event: 43.806 Thread 0x000002084de76000 Uncommon trap: trap_request=0xffffff4d fr.pc=0x0000020839087fb0 relative=0x0000000000000070
Event: 43.806 Thread 0x000002084de76000 Uncommon trap: reason=unstable_if action=reinterpret pc=0x0000020839087fb0 method=org.gradle.internal.logging.slf4j.OutputEventListenerBackedLogger.isLevelAtMost(Lorg/gradle/api/logging/LogLevel;)Z @ 11 c2
Event: 43.806 Thread 0x000002084de76000 DEOPT PACKING pc=0x0000020839087fb0 sp=0x000000e0fc1feb40
Event: 43.806 Thread 0x000002084de76000 DEOPT UNPACKING pc=0x00000208310978af sp=0x000000e0fc1feae0 mode 2

Classes redefined (0 events):
No events

Internal exceptions (20 events):
Event: 35.640 Thread 0x000002084693b800 Exception <a 'java/lang/ClassNotFoundException'{0x00000000a9421ff0}: org/gradle/process/internal/AbstractExecHandleBuilderBeanInfo> (0x00000000a9421ff0) thrown at [./src/hotspot/share/classfile/systemDictionary.cpp, line 231]
Event: 35.642 Thread 0x000002084693b800 Exception <a 'java/lang/ClassNotFoundException'{0x00000000a9456c90}: org/gradle/process/internal/DefaultProcessForkOptionsBeanInfo> (0x00000000a9456c90) thrown at [./src/hotspot/share/classfile/systemDictionary.cpp, line 231]
Event: 35.643 Thread 0x000002084693b800 Exception <a 'java/lang/ClassNotFoundException'{0x00000000a948bef8}: org/gradle/process/internal/DefaultProcessForkOptionsCustomizer> (0x00000000a948bef8) thrown at [./src/hotspot/share/classfile/systemDictionary.cpp, line 231]
Event: 35.650 Thread 0x000002084693b800 Exception <a 'java/lang/ClassNotFoundException'{0x00000000a94cdad0}: org/gradle/process/internal/AbstractExecHandleBuilderCustomizer> (0x00000000a94cdad0) thrown at [./src/hotspot/share/classfile/systemDictionary.cpp, line 231]
Event: 35.654 Thread 0x000002084693b800 Exception <a 'java/lang/ClassNotFoundException'{0x00000000a9313d38}: org/gradle/process/internal/DefaultExecHandleBuilderCustomizer> (0x00000000a9313d38) thrown at [./src/hotspot/share/classfile/systemDictionary.cpp, line 231]
Event: 35.659 Thread 0x000002084693b800 Exception <a 'java/lang/ClassNotFoundException'{0x00000000a9371860}: org/gradle/process/internal/DefaultExecActionCustomizer> (0x00000000a9371860) thrown at [./src/hotspot/share/classfile/systemDictionary.cpp, line 231]
Event: 35.662 Thread 0x000002084693b800 Exception <a 'java/lang/ClassNotFoundException'{0x00000000a93ae860}: org/gradle/process/internal/DefaultExecAction_DecoratedCustomizer> (0x00000000a93ae860) thrown at [./src/hotspot/share/classfile/systemDictionary.cpp, line 231]
Event: 35.668 Thread 0x000002084693b800 Exception <a 'java/lang/ClassNotFoundException'{0x00000000a9209b88}: org/gradle/api/logging/LogLevelBeanInfo> (0x00000000a9209b88) thrown at [./src/hotspot/share/classfile/systemDictionary.cpp, line 231]
Event: 35.670 Thread 0x000002084693b800 Exception <a 'java/lang/ClassNotFoundException'{0x00000000a9235148}: org/gradle/api/logging/LogLevelCustomizer> (0x00000000a9235148) thrown at [./src/hotspot/share/classfile/systemDictionary.cpp, line 231]
Event: 35.715 Thread 0x000002084693b800 Exception <a 'java/lang/ClassNotFoundException'{0x00000000a92a9ba0}: org/gradle/internal/logging/services/DefaultLoggingManagerBeanInfo> (0x00000000a92a9ba0) thrown at [./src/hotspot/share/classfile/systemDictionary.cpp, line 231]
Event: 35.718 Thread 0x000002084693b800 Exception <a 'java/lang/ClassNotFoundException'{0x00000000a92df0a8}: org/gradle/internal/logging/services/DefaultLoggingManagerCustomizer> (0x00000000a92df0a8) thrown at [./src/hotspot/share/classfile/systemDictionary.cpp, line 231]
Event: 35.730 Thread 0x000002084693b800 Exception <a 'java/lang/ClassNotFoundException'{0x00000000a911aaf0}: java/lang/BooleanBeanInfo> (0x00000000a911aaf0) thrown at [./src/hotspot/share/classfile/systemDictionary.cpp, line 231]
Event: 35.731 Thread 0x000002084693b800 Exception <a 'java/lang/ClassNotFoundException'{0x00000000a9125870}: java/lang/BooleanCustomizer> (0x00000000a9125870) thrown at [./src/hotspot/share/classfile/systemDictionary.cpp, line 231]
Event: 35.920 Thread 0x000002084de77800 Exception <a 'java/lang/NoSuchMethodError'{0x00000000a91a0d40}: 'void java.lang.invoke.DirectMethodHandle$Holder.invokeStatic(java.lang.Object, long)'> (0x00000000a91a0d40) thrown at [./src/hotspot/share/interpreter/linkResolver.cpp, line 773]
Event: 35.921 Thread 0x000002084de77800 Exception <a 'java/lang/NoSuchMethodError'{0x00000000a91a5cb0}: 'java.lang.Object java.lang.invoke.DirectMethodHandle$Holder.invokeStatic(java.lang.Object, long)'> (0x00000000a91a5cb0) thrown at [./src/hotspot/share/interpreter/linkResolver.cpp, line 773]
Event: 35.924 Thread 0x000002084de77800 Exception <a 'java/lang/NoSuchMethodError'{0x00000000a91b3fe0}: 'java.lang.Object java.lang.invoke.DirectMethodHandle$Holder.invokeStaticInit(java.lang.Object, java.lang.Object, long, java.lang.Object)'> (0x00000000a91b3fe0) thrown at [./src/hotspot/share/interpreter/linkResolver.cpp, line 773]
Event: 35.928 Thread 0x000002084de77800 Exception <a 'java/lang/NoSuchMethodError'{0x00000000a91b9ed0}: 'java.lang.Object java.lang.invoke.DirectMethodHandle$Holder.invokeStatic(java.lang.Object, java.lang.Object, long)'> (0x00000000a91b9ed0) thrown at [./src/hotspot/share/interpreter/linkResolver.cpp, line 773]
Event: 35.929 Thread 0x000002084de77800 Exception <a 'java/lang/NoSuchMethodError'{0x00000000a91c0e40}: 'java.lang.Object java.lang.invoke.Invokers$Holder.linkToTargetMethod(java.lang.Object, long, java.lang.Object)'> (0x00000000a91c0e40) thrown at [./src/hotspot/share/interpreter/linkResolver.cpp, line 773]
Event: 43.805 Thread 0x000002084de76000 StackOverflowError at 0x0000020838e70e40
Event: 43.805 Thread 0x000002084de76000 Exception <a 'java/lang/StackOverflowError'{0x00000000a91e4ad0}> (0x00000000a91e4ad0) thrown at [./src/hotspot/share/runtime/sharedRuntime.cpp, line 585]

Events (20 events):
Event: 35.848 loading class java/lang/ProcessImpl done
Event: 35.922 loading class java/lang/ProcessHandleImpl
Event: 35.923 loading class java/lang/ProcessHandleImpl done
Event: 35.929 loading class java/lang/ProcessImpl$2
Event: 35.929 loading class java/lang/ProcessImpl$2 done
Event: 35.930 loading class java/lang/Process$PipeInputStream
Event: 35.930 loading class java/lang/Process$PipeInputStream done
Event: 35.930 Executing VM operation: Deoptimize
Event: 35.931 Executing VM operation: Deoptimize done
Event: 35.932 loading class org/gradle/process/internal/streams/ExecOutputHandleRunner
Event: 35.932 loading class org/gradle/process/internal/streams/ExecOutputHandleRunner done
Event: 35.934 Thread 0x000002084de76000 Thread added: 0x000002084de76000
Event: 35.934 Thread 0x000002084de74800 Thread added: 0x000002084de74800
Event: 36.267 Thread 0x0000020846ced000 Thread exited: 0x0000020846ced000
Event: 43.806 loading class java/lang/Throwable$WrappedPrintWriter
Event: 43.806 loading class java/lang/Throwable$PrintStreamOrWriter
Event: 43.806 loading class java/lang/Throwable$PrintStreamOrWriter done
Event: 43.806 loading class java/lang/Throwable$WrappedPrintWriter done
Event: 43.814 loading class org/gradle/internal/serialize/Message
Event: 43.814 loading class org/gradle/internal/serialize/Message done


Dynamic libraries:
0x00007ff692ab0000 - 0x00007ff692aba000 	C:\Program Files\Android\Android Studio\jre\bin\java.exe
0x00007ffe06980000 - 0x00007ffe06b89000 	C:\Windows\SYSTEM32\ntdll.dll
0x00007ffe05040000 - 0x00007ffe050fd000 	C:\Windows\System32\KERNEL32.DLL
0x00007ffe042e0000 - 0x00007ffe0465b000 	C:\Windows\System32\KERNELBASE.dll
0x00007ffe04140000 - 0x00007ffe04251000 	C:\Windows\System32\ucrtbase.dll
0x00007ffdee3e0000 - 0x00007ffdee3f9000 	C:\Program Files\Android\Android Studio\jre\bin\jli.dll
0x00007ffe04cb0000 - 0x00007ffe04e5d000 	C:\Windows\System32\USER32.dll
0x00007ffe04660000 - 0x00007ffe04686000 	C:\Windows\System32\win32u.dll
0x00007ffe06780000 - 0x00007ffe067a9000 	C:\Windows\System32\GDI32.dll
0x00007ffe03f60000 - 0x00007ffe04078000 	C:\Windows\System32\gdi32full.dll
0x00007ffe03e50000 - 0x00007ffe03eed000 	C:\Windows\System32\msvcp_win.dll
0x00007ffdee3c0000 - 0x00007ffdee3d7000 	C:\Program Files\Android\Android Studio\jre\bin\VCRUNTIME140.dll
0x00007ffdf5c10000 - 0x00007ffdf5eb5000 	C:\Windows\WinSxS\amd64_microsoft.windows.common-controls_6595b64144ccf1df_6.0.22000.120_none_9d947278b86cc467\COMCTL32.dll
0x00007ffe06810000 - 0x00007ffe068b3000 	C:\Windows\System32\msvcrt.dll
0x00007ffe04c00000 - 0x00007ffe04c31000 	C:\Windows\System32\IMM32.DLL
0x00007ffdd54f0000 - 0x00007ffdd558d000 	C:\Program Files\Android\Android Studio\jre\bin\msvcp140.dll
0x00007ffdaa930000 - 0x00007ffdab3ff000 	C:\Program Files\Android\Android Studio\jre\bin\server\jvm.dll
0x00007ffe04f90000 - 0x00007ffe0503e000 	C:\Windows\System32\ADVAPI32.dll
0x00007ffe052b0000 - 0x00007ffe0534e000 	C:\Windows\System32\sechost.dll
0x00007ffe054f0000 - 0x00007ffe05610000 	C:\Windows\System32\RPCRT4.dll
0x00007ffe05100000 - 0x00007ffe05108000 	C:\Windows\System32\PSAPI.DLL
0x00007ffdf73c0000 - 0x00007ffdf73c9000 	C:\Windows\SYSTEM32\WSOCK32.dll
0x00007ffe06710000 - 0x00007ffe0677f000 	C:\Windows\System32\WS2_32.dll
0x00007ffdf7970000 - 0x00007ffdf79a3000 	C:\Windows\SYSTEM32\WINMM.dll
0x00007ffdfbef0000 - 0x00007ffdfbefa000 	C:\Windows\SYSTEM32\VERSION.dll
0x00007ffe02fc0000 - 0x00007ffe02fd8000 	C:\Windows\SYSTEM32\kernel.appcore.dll
0x00007ffdebae0000 - 0x00007ffdebaf1000 	C:\Program Files\Android\Android Studio\jre\bin\verify.dll
0x00007ffdfef60000 - 0x00007ffdff181000 	C:\Windows\SYSTEM32\DBGHELP.DLL
0x00007ffdf81e0000 - 0x00007ffdf8211000 	C:\Windows\SYSTEM32\dbgcore.DLL
0x00007ffe04260000 - 0x00007ffe042df000 	C:\Windows\System32\bcryptPrimitives.dll
0x00007ffdec470000 - 0x00007ffdec499000 	C:\Program Files\Android\Android Studio\jre\bin\java.dll
0x00007ffdf6400000 - 0x00007ffdf640b000 	C:\Program Files\Android\Android Studio\jre\bin\jimage.dll
0x00007ffdee3a0000 - 0x00007ffdee3b8000 	C:\Program Files\Android\Android Studio\jre\bin\zip.dll
0x00007ffe05d30000 - 0x00007ffe064e8000 	C:\Windows\System32\SHELL32.dll
0x00007ffe01f50000 - 0x00007ffe027b5000 	C:\Windows\SYSTEM32\windows.storage.dll
0x00007ffe04820000 - 0x00007ffe04b97000 	C:\Windows\System32\combase.dll
0x00007ffe01de0000 - 0x00007ffe01f46000 	C:\Windows\SYSTEM32\wintypes.dll
0x00007ffe05a80000 - 0x00007ffe05b6a000 	C:\Windows\System32\SHCORE.dll
0x00007ffe067b0000 - 0x00007ffe0680d000 	C:\Windows\System32\shlwapi.dll
0x00007ffe03d80000 - 0x00007ffe03da1000 	C:\Windows\SYSTEM32\profapi.dll
0x00007ffdec300000 - 0x00007ffdec31a000 	C:\Program Files\Android\Android Studio\jre\bin\net.dll
0x00007ffdfe680000 - 0x00007ffdfe78c000 	C:\Windows\SYSTEM32\WINHTTP.dll
0x00007ffe03460000 - 0x00007ffe034c7000 	C:\Windows\system32\mswsock.dll
0x00007ffdebac0000 - 0x00007ffdebad4000 	C:\Program Files\Android\Android Studio\jre\bin\nio.dll
0x00007ffde93e0000 - 0x00007ffde9407000 	C:\Users\Vyacheslav Kovalchuk\.gradle\native\e1d6ef7f7dcc3fd88c89a11ec53ec762bb8ba0a96d01ffa2cd45eb1d1d8dd5c5\windows-amd64\native-platform.dll
0x00007ffdd56c0000 - 0x00007ffdd5804000 	C:\Users\Vyacheslav Kovalchuk\.gradle\native\0d407fdbe67a94daf76414ababcb853783967236a71b16ec16e742cd7a986fd3\windows-amd64\native-platform-file-events.dll
0x00007ffdf0320000 - 0x00007ffdf032a000 	C:\Program Files\Android\Android Studio\jre\bin\management.dll
0x00007ffdf0200000 - 0x00007ffdf020c000 	C:\Program Files\Android\Android Studio\jre\bin\management_ext.dll
0x00007ffe036a0000 - 0x00007ffe036b8000 	C:\Windows\SYSTEM32\CRYPTSP.dll
0x00007ffe02f20000 - 0x00007ffe02f55000 	C:\Windows\system32\rsaenh.dll
0x00007ffe03550000 - 0x00007ffe03579000 	C:\Windows\SYSTEM32\USERENV.dll
0x00007ffe03830000 - 0x00007ffe03857000 	C:\Windows\SYSTEM32\bcrypt.dll
0x00007ffe036c0000 - 0x00007ffe036cc000 	C:\Windows\SYSTEM32\CRYPTBASE.dll
0x00007ffe02af0000 - 0x00007ffe02b1d000 	C:\Windows\SYSTEM32\IPHLPAPI.DLL
0x00007ffe04f80000 - 0x00007ffe04f89000 	C:\Windows\System32\NSI.dll
0x00007ffdfe470000 - 0x00007ffdfe489000 	C:\Windows\SYSTEM32\dhcpcsvc6.DLL
0x00007ffdfed30000 - 0x00007ffdfed4e000 	C:\Windows\SYSTEM32\dhcpcsvc.DLL
0x00007ffe02b20000 - 0x00007ffe02c08000 	C:\Windows\SYSTEM32\DNSAPI.dll

dbghelp: loaded successfully - version: 4.0.5 - missing functions: none
symbol engine: initialized successfully - sym options: 0x614 - pdb path: .;C:\Program Files\Android\Android Studio\jre\bin;C:\Windows\SYSTEM32;C:\Windows\WinSxS\amd64_microsoft.windows.common-controls_6595b64144ccf1df_6.0.22000.120_none_9d947278b86cc467;C:\Program Files\Android\Android Studio\jre\bin\server;C:\Users\Vyacheslav Kovalchuk\.gradle\native\e1d6ef7f7dcc3fd88c89a11ec53ec762bb8ba0a96d01ffa2cd45eb1d1d8dd5c5\windows-amd64;C:\Users\Vyacheslav Kovalchuk\.gradle\native\0d407fdbe67a94daf76414ababcb853783967236a71b16ec16e742cd7a986fd3\windows-amd64

VM Arguments:
jvm_args: --add-opens=java.base/java.util=ALL-UNNAMED --add-opens=java.base/java.lang=ALL-UNNAMED --add-opens=java.base/java.lang.invoke=ALL-UNNAMED --add-opens=java.base/java.util=ALL-UNNAMED --add-opens=java.prefs/java.util.prefs=ALL-UNNAMED --add-opens=java.prefs/java.util.prefs=ALL-UNNAMED --add-opens=java.base/java.nio.charset=ALL-UNNAMED --add-opens=java.base/java.net=ALL-UNNAMED --add-opens=java.base/java.util.concurrent.atomic=ALL-UNNAMED -Xmx1536M -Dfile.encoding=windows-1252 -Duser.country=US -Duser.language=en -Duser.variant 
java_command: org.gradle.launcher.daemon.bootstrap.GradleDaemon 7.4
java_class_path (initial): C:\Users\Vyacheslav Kovalchuk\.gradle\wrapper\dists\gradle-7.4-all\aadb4xli5jkdsnukm30eibyiu\gradle-7.4\lib\gradle-launcher-7.4.jar
Launcher Type: SUN_STANDARD

[Global flags]
     intx CICompilerCount                          = 3                                         {product} {ergonomic}
     uint ConcGCThreads                            = 1                                         {product} {ergonomic}
     uint G1ConcRefinementThreads                  = 4                                         {product} {ergonomic}
   size_t G1HeapRegionSize                         = 1048576                                   {product} {ergonomic}
    uintx GCDrainStackTargetSize                   = 64                                        {product} {ergonomic}
   size_t InitialHeapSize                          = 134217728                                 {product} {ergonomic}
   size_t MarkStackSize                            = 4194304                                   {product} {ergonomic}
   size_t MaxHeapSize                              = 1610612736                                {product} {command line}
   size_t MaxNewSize                               = 965738496                                 {product} {ergonomic}
   size_t MinHeapDeltaBytes                        = 1048576                                   {product} {ergonomic}
    uintx NonNMethodCodeHeapSize                   = 5830732                                {pd product} {ergonomic}
    uintx NonProfiledCodeHeapSize                  = 122913754                              {pd product} {ergonomic}
    uintx ProfiledCodeHeapSize                     = 122913754                              {pd product} {ergonomic}
    uintx ReservedCodeCacheSize                    = 251658240                              {pd product} {ergonomic}
     bool SegmentedCodeCache                       = true                                      {product} {ergonomic}
     bool UseCompressedClassPointers               = true                                 {lp64_product} {ergonomic}
     bool UseCompressedOops                        = true                                 {lp64_product} {ergonomic}
     bool UseG1GC                                  = true                                      {product} {ergonomic}
     bool UseLargePagesIndividualAllocation        = false                                  {pd product} {ergonomic}

Logging:
Log output configuration:
 #0: stdout all=warning uptime,level,tags
 #1: stderr all=off uptime,level,tags

Environment Variables:
JAVA_HOME=C:\Program Files\Android\Android Studio\jre
CLASSPATH=C:\Users\Vyacheslav Kovalchuk\Desktop\Templates\traver_app\android\\gradle\wrapper\gradle-wrapper.jar
PATH=C:\Program Files\OpenJDK\jdk-8.0.262.10-hotspot\bin;C:\Program Files (x86)\Intel\Intel(R) Management Engine Components\iCLS\;C:\Program Files\Intel\Intel(R) Management Engine Components\iCLS\;C:\Windows\system32;C:\Windows;C:\Windows\System32\Wbem;C:\Windows\System32\WindowsPowerShell\v1.0\;C:\Windows\System32\OpenSSH\;C:\Program Files (x86)\Intel\Intel(R) Management Engine Components\DAL;C:\Program Files\Intel\Intel(R) Management Engine Components\DAL;C:\Program Files (x86)\Intel\Intel(R) Management Engine Components\IPT;C:\Program Files\Intel\Intel(R) Management Engine Components\IPT;C:\Program Files\Git\cmd;C:\FPC\3.2.2\bin\i386-Win32;C:\Program Files\Docker\Docker\resources\bin;C:\ProgramData\DockerDesktop\version-bin;C:\Users\Vyacheslav Kovalchuk\AppData\Local\Programs\Python\Python310\Scripts\;C:\Users\Vyacheslav Kovalchuk\AppData\Local\Programs\Python\Python310\;C:\Users\Vyacheslav Kovalchuk\AppData\Local\Microsoft\WindowsApps;C:\Gradle\gradle-7.2\bin;C:\Users\Vyacheslav Kovalchuk\Documents\flutter\bin;;C:\Program Files\JetBrains\PyCharm Community Edition 2021.3.2\bin;;C:\Users\Vyacheslav Kovalchuk\AppData\Local\Programs\Microsoft VS Code\bin;C:\src\flutter\bin\mingit\cmd
USERNAME=Vyacheslav Kovalchuk
OS=Windows_NT
PROCESSOR_IDENTIFIER=Intel64 Family 6 Model 60 Stepping 3, GenuineIntel



---------------  S Y S T E M  ---------------

OS: Windows 10 , 64 bit Build 22000 (10.0.22000.708)
OS uptime: 0 days 14:14 hours
Hyper-V role detected

CPU:total 4 (initial active 4) (2 cores per cpu, 2 threads per core) family 6 model 60 stepping 3 microcode 0x28, cmov, cx8, fxsr, mmx, sse, sse2, sse3, ssse3, sse4.1, sse4.2, popcnt, avx, avx2, aes, clmul, erms, lzcnt, ht, tsc, tscinvbit, bmi1, bmi2, fma

Memory: 4k page, system-wide physical 8073M (696M free)
TotalPageFile size 12169M (AvailPageFile size 437M)
current process WorkingSet (physical memory assigned to process): 387M, peak: 413M
current process commit charge ("private bytes"): 418M, peak: 443M

vm_info: OpenJDK 64-Bit Server VM (11.0.10+0-b96-7249189) for windows-amd64 JRE (11.0.10+0-b96-7249189), built on Mar 31 2021 21:44:00 by "builder" with MS VC++ 14.0 (VS2015)

END.
