#
# There is insufficient memory for the Java Runtime Environment to continue.
# Native memory allocation (malloc) failed to allocate 111136 bytes for Chunk::new
# Possible reasons:
#   The system is out of physical RAM or swap space
#   The process is running with CompressedOops enabled, and the Java Heap may be blocking the growth of the native heap
# Possible solutions:
#   Reduce memory load on the system
#   Increase physical memory or swap space
#   Check if swap backing store is full
#   Decrease Java heap size (-Xmx/-Xms)
#   Decrease number of Java threads
#   Decrease Java thread stack sizes (-Xss)
#   Set larger code cache with -XX:ReservedCodeCacheSize=
#   JVM is running with Unscaled Compressed Oops mode in which the Java heap is
#     placed in the first 4GB address space. The Java Heap base address is the
#     maximum limit for the native heap growth. Please use -XX:HeapBaseMinAddress
#     to set the Java Heap base and to place the Java Heap above 4GB virtual address.
# This output file may be truncated or incomplete.
#
#  Out of Memory Error (./src/hotspot/share/memory/arena.cpp:197), pid=11496, tid=9448
#
# JRE version: OpenJDK Runtime Environment (11.0.10) (build 11.0.10+0-b96-7249189)
# Java VM: OpenJDK 64-Bit Server VM (11.0.10+0-b96-7249189, mixed mode, tiered, compressed oops, g1 gc, windows-amd64)
# No core dump will be written. Minidumps are not enabled by default on client versions of Windows
#

---------------  S U M M A R Y ------------

Command Line: -Dorg.gradle.appname=gradlew org.gradle.wrapper.GradleWrapperMain -q -Ptarget-platform=android-arm -Ptarget=C:\Users\Vyacheslav Kovalchuk\Desktop\Templates\traver_app\lib\main.dart -Pbase-application-name=android.app.Application -Pdart-defines=RkxVVFRFUl9XRUJfQVVUT19ERVRFQ1Q9dHJ1ZQ== -Pdart-obfuscation=false -Ptrack-widget-creation=true -Ptree-shake-icons=false -Pfilesystem-scheme=org-dartlang-root assembleDebug

Host: Intel(R) Core(TM) i5-4310M CPU @ 2.70GHz, 4 cores, 7G,  Windows 10 , 64 bit Build 22000 (10.0.22000.708)
Time: Mon Oct 17 12:43:08 2022 FLE Summer Time elapsed time: 2.868008 seconds (0d 0h 0m 2s)

---------------  T H R E A D  ---------------

Current thread (0x00000291fcdc4000):  JavaThread "C2 CompilerThread0" daemon [_thread_in_native, id=9448, stack(0x000000ad24e00000,0x000000ad24f00000)]


Current CompileTask:
C2:   2868  640       4       java.lang.String::toLowerCase (29 bytes)

Stack: [0x000000ad24e00000,0x000000ad24f00000]
Native frames: (J=compiled Java code, j=interpreted, Vv=VM code, C=native code)
V  [jvm.dll+0x5ecfaa]
V  [jvm.dll+0x722bd5]
V  [jvm.dll+0x72412d]
V  [jvm.dll+0x7247e3]
V  [jvm.dll+0x242928]
V  [jvm.dll+0xbc4fc]
V  [jvm.dll+0xbca0c]
V  [jvm.dll+0x2b4fd4]
V  [jvm.dll+0x506028]
V  [jvm.dll+0x203253]
V  [jvm.dll+0x1fd07c]
V  [jvm.dll+0x1fa77f]
V  [jvm.dll+0x18354c]
V  [jvm.dll+0x208ee7]
V  [jvm.dll+0x207731]
V  [jvm.dll+0x6eb1cf]
V  [jvm.dll+0x6e3d45]
V  [jvm.dll+0x5ebe96]
C  [ucrtbase.dll+0x26c0c]
C  [KERNEL32.DLL+0x154e0]
C  [ntdll.dll+0x485b]


---------------  P R O C E S S  ---------------

Threads class SMR info:
_java_thread_list=0x00000291fd8522f0, length=10, elements={
0x00000291e1341000, 0x00000291fcda0000, 0x00000291fcda9000, 0x00000291fcdbb000,
0x00000291fcdc0000, 0x00000291fcdc1000, 0x00000291fcdc4000, 0x00000291fcdc6000,
0x00000291fcdc9800, 0x00000291fd87b800
}

Java Threads: ( => current thread )
  0x00000291e1341000 JavaThread "main" [_thread_in_Java, id=9752, stack(0x000000ad24200000,0x000000ad24300000)]
  0x00000291fcda0000 JavaThread "Reference Handler" daemon [_thread_blocked, id=14264, stack(0x000000ad24900000,0x000000ad24a00000)]
  0x00000291fcda9000 JavaThread "Finalizer" daemon [_thread_blocked, id=13616, stack(0x000000ad24a00000,0x000000ad24b00000)]
  0x00000291fcdbb000 JavaThread "Signal Dispatcher" daemon [_thread_blocked, id=972, stack(0x000000ad24b00000,0x000000ad24c00000)]
  0x00000291fcdc0000 JavaThread "Attach Listener" daemon [_thread_blocked, id=7856, stack(0x000000ad24c00000,0x000000ad24d00000)]
  0x00000291fcdc1000 JavaThread "Service Thread" daemon [_thread_blocked, id=13636, stack(0x000000ad24d00000,0x000000ad24e00000)]
=>0x00000291fcdc4000 JavaThread "C2 CompilerThread0" daemon [_thread_in_native, id=9448, stack(0x000000ad24e00000,0x000000ad24f00000)]
  0x00000291fcdc6000 JavaThread "C1 CompilerThread0" daemon [_thread_blocked, id=1372, stack(0x000000ad24f00000,0x000000ad25000000)]
  0x00000291fcdc9800 JavaThread "Sweeper thread" daemon [_thread_blocked, id=3228, stack(0x000000ad25000000,0x000000ad25100000)]
  0x00000291fd87b800 JavaThread "Common-Cleaner" daemon [_thread_blocked, id=10816, stack(0x000000ad25200000,0x000000ad25300000)]

Other Threads:
  0x00000291fcd7b000 VMThread "VM Thread" [stack: 0x000000ad24800000,0x000000ad24900000] [id=5276]
  0x00000291fd871800 WatcherThread [stack: 0x000000ad25100000,0x000000ad25200000] [id=12272]
  0x00000291e135a000 GCTaskThread "GC Thread#0" [stack: 0x000000ad24300000,0x000000ad24400000] [id=6332]
  0x00000291fddae800 GCTaskThread "GC Thread#1" [stack: 0x000000ad25300000,0x000000ad25400000] [id=12300]
  0x00000291fdb8a800 GCTaskThread "GC Thread#2" [stack: 0x000000ad25400000,0x000000ad25500000] [id=9328]
  0x00000291e138a000 ConcurrentGCThread "G1 Main Marker" [stack: 0x000000ad24400000,0x000000ad24500000] [id=1512]
  0x00000291e138c000 ConcurrentGCThread "G1 Conc#0" [stack: 0x000000ad24500000,0x000000ad24600000] [id=12440]
  0x00000291e140d800 ConcurrentGCThread "G1 Refine#0" [stack: 0x000000ad24600000,0x000000ad24700000] [id=14048]
  0x00000291e1410800 ConcurrentGCThread "G1 Young RemSet Sampling" [stack: 0x000000ad24700000,0x000000ad24800000] [id=12056]

Threads with active compile tasks:
C2 CompilerThread0   2905  640       4       java.lang.String::toLowerCase (29 bytes)

VM state:not at safepoint (normal execution)

VM Mutex/Monitor currently owned by a thread: None

Heap address: 0x0000000081c00000, size: 2020 MB, Compressed Oops mode: 32-bit
Narrow klass base: 0x0000000000000000, Narrow klass shift: 3
Compressed class space size: 1073741824 Address: 0x0000000100000000

Heap:
 garbage-first heap   total 131072K, used 5420K [0x0000000081c00000, 0x0000000100000000)
  region size 1024K, 5 young (5120K), 2 survivors (2048K)
 Metaspace       used 7999K, capacity 8177K, committed 8320K, reserved 1056768K
  class space    used 716K, capacity 786K, committed 896K, reserved 1048576K
Heap Regions: E=young(eden), S=young(survivor), O=old, HS=humongous(starts), HC=humongous(continues), CS=collection set, F=free, A=archive, TAMS=top-at-mark-start (previous, next)
|   0|0x0000000081c00000, 0x0000000081c00000, 0x0000000081d00000|  0%| F|  |TAMS 0x0000000081c00000, 0x0000000081c00000| Untracked 
|   1|0x0000000081d00000, 0x0000000081d00000, 0x0000000081e00000|  0%| F|  |TAMS 0x0000000081d00000, 0x0000000081d00000| Untracked 
|   2|0x0000000081e00000, 0x0000000081e00000, 0x0000000081f00000|  0%| F|  |TAMS 0x0000000081e00000, 0x0000000081e00000| Untracked 
|   3|0x0000000081f00000, 0x0000000082000000, 0x0000000082000000|100%| O|  |TAMS 0x0000000081f00000, 0x0000000081f00000| Untracked 
|   4|0x0000000082000000, 0x000000008204b000, 0x0000000082100000| 29%| O|  |TAMS 0x0000000082000000, 0x0000000082000000| Untracked 
|   5|0x0000000082100000, 0x0000000082100000, 0x0000000082200000|  0%| F|  |TAMS 0x0000000082100000, 0x0000000082100000| Untracked 
|   6|0x0000000082200000, 0x0000000082200000, 0x0000000082300000|  0%| F|  |TAMS 0x0000000082200000, 0x0000000082200000| Untracked 
|   7|0x0000000082300000, 0x0000000082300000, 0x0000000082400000|  0%| F|  |TAMS 0x0000000082300000, 0x0000000082300000| Untracked 
|   8|0x0000000082400000, 0x0000000082400000, 0x0000000082500000|  0%| F|  |TAMS 0x0000000082400000, 0x0000000082400000| Untracked 
|   9|0x0000000082500000, 0x0000000082500000, 0x0000000082600000|  0%| F|  |TAMS 0x0000000082500000, 0x0000000082500000| Untracked 
|  10|0x0000000082600000, 0x0000000082600000, 0x0000000082700000|  0%| F|  |TAMS 0x0000000082600000, 0x0000000082600000| Untracked 
|  11|0x0000000082700000, 0x0000000082700000, 0x0000000082800000|  0%| F|  |TAMS 0x0000000082700000, 0x0000000082700000| Untracked 
|  12|0x0000000082800000, 0x0000000082800000, 0x0000000082900000|  0%| F|  |TAMS 0x0000000082800000, 0x0000000082800000| Untracked 
|  13|0x0000000082900000, 0x0000000082900000, 0x0000000082a00000|  0%| F|  |TAMS 0x0000000082900000, 0x0000000082900000| Untracked 
|  14|0x0000000082a00000, 0x0000000082a00000, 0x0000000082b00000|  0%| F|  |TAMS 0x0000000082a00000, 0x0000000082a00000| Untracked 
|  15|0x0000000082b00000, 0x0000000082b00000, 0x0000000082c00000|  0%| F|  |TAMS 0x0000000082b00000, 0x0000000082b00000| Untracked 
|  16|0x0000000082c00000, 0x0000000082c00000, 0x0000000082d00000|  0%| F|  |TAMS 0x0000000082c00000, 0x0000000082c00000| Untracked 
|  17|0x0000000082d00000, 0x0000000082d00000, 0x0000000082e00000|  0%| F|  |TAMS 0x0000000082d00000, 0x0000000082d00000| Untracked 
|  18|0x0000000082e00000, 0x0000000082e00000, 0x0000000082f00000|  0%| F|  |TAMS 0x0000000082e00000, 0x0000000082e00000| Untracked 
|  19|0x0000000082f00000, 0x0000000082f00000, 0x0000000083000000|  0%| F|  |TAMS 0x0000000082f00000, 0x0000000082f00000| Untracked 
|  20|0x0000000083000000, 0x0000000083000000, 0x0000000083100000|  0%| F|  |TAMS 0x0000000083000000, 0x0000000083000000| Untracked 
|  21|0x0000000083100000, 0x0000000083100000, 0x0000000083200000|  0%| F|  |TAMS 0x0000000083100000, 0x0000000083100000| Untracked 
|  22|0x0000000083200000, 0x0000000083200000, 0x0000000083300000|  0%| F|  |TAMS 0x0000000083200000, 0x0000000083200000| Untracked 
|  23|0x0000000083300000, 0x0000000083300000, 0x0000000083400000|  0%| F|  |TAMS 0x0000000083300000, 0x0000000083300000| Untracked 
|  24|0x0000000083400000, 0x0000000083400000, 0x0000000083500000|  0%| F|  |TAMS 0x0000000083400000, 0x0000000083400000| Untracked 
|  25|0x0000000083500000, 0x0000000083500000, 0x0000000083600000|  0%| F|  |TAMS 0x0000000083500000, 0x0000000083500000| Untracked 
|  26|0x0000000083600000, 0x0000000083600000, 0x0000000083700000|  0%| F|  |TAMS 0x0000000083600000, 0x0000000083600000| Untracked 
|  27|0x0000000083700000, 0x0000000083700000, 0x0000000083800000|  0%| F|  |TAMS 0x0000000083700000, 0x0000000083700000| Untracked 
|  28|0x0000000083800000, 0x0000000083800000, 0x0000000083900000|  0%| F|  |TAMS 0x0000000083800000, 0x0000000083800000| Untracked 
|  29|0x0000000083900000, 0x0000000083900000, 0x0000000083a00000|  0%| F|  |TAMS 0x0000000083900000, 0x0000000083900000| Untracked 
|  30|0x0000000083a00000, 0x0000000083a00000, 0x0000000083b00000|  0%| F|  |TAMS 0x0000000083a00000, 0x0000000083a00000| Untracked 
|  31|0x0000000083b00000, 0x0000000083b00000, 0x0000000083c00000|  0%| F|  |TAMS 0x0000000083b00000, 0x0000000083b00000| Untracked 
|  32|0x0000000083c00000, 0x0000000083c00000, 0x0000000083d00000|  0%| F|  |TAMS 0x0000000083c00000, 0x0000000083c00000| Untracked 
|  33|0x0000000083d00000, 0x0000000083d00000, 0x0000000083e00000|  0%| F|  |TAMS 0x0000000083d00000, 0x0000000083d00000| Untracked 
|  34|0x0000000083e00000, 0x0000000083e00000, 0x0000000083f00000|  0%| F|  |TAMS 0x0000000083e00000, 0x0000000083e00000| Untracked 
|  35|0x0000000083f00000, 0x0000000083f00000, 0x0000000084000000|  0%| F|  |TAMS 0x0000000083f00000, 0x0000000083f00000| Untracked 
|  36|0x0000000084000000, 0x0000000084000000, 0x0000000084100000|  0%| F|  |TAMS 0x0000000084000000, 0x0000000084000000| Untracked 
|  37|0x0000000084100000, 0x0000000084100000, 0x0000000084200000|  0%| F|  |TAMS 0x0000000084100000, 0x0000000084100000| Untracked 
|  38|0x0000000084200000, 0x0000000084200000, 0x0000000084300000|  0%| F|  |TAMS 0x0000000084200000, 0x0000000084200000| Untracked 
|  39|0x0000000084300000, 0x0000000084300000, 0x0000000084400000|  0%| F|  |TAMS 0x0000000084300000, 0x0000000084300000| Untracked 
|  40|0x0000000084400000, 0x0000000084400000, 0x0000000084500000|  0%| F|  |TAMS 0x0000000084400000, 0x0000000084400000| Untracked 
|  41|0x0000000084500000, 0x0000000084500000, 0x0000000084600000|  0%| F|  |TAMS 0x0000000084500000, 0x0000000084500000| Untracked 
|  42|0x0000000084600000, 0x0000000084600000, 0x0000000084700000|  0%| F|  |TAMS 0x0000000084600000, 0x0000000084600000| Untracked 
|  43|0x0000000084700000, 0x0000000084700000, 0x0000000084800000|  0%| F|  |TAMS 0x0000000084700000, 0x0000000084700000| Untracked 
|  44|0x0000000084800000, 0x0000000084800000, 0x0000000084900000|  0%| F|  |TAMS 0x0000000084800000, 0x0000000084800000| Untracked 
|  45|0x0000000084900000, 0x0000000084900000, 0x0000000084a00000|  0%| F|  |TAMS 0x0000000084900000, 0x0000000084900000| Untracked 
|  46|0x0000000084a00000, 0x0000000084a00000, 0x0000000084b00000|  0%| F|  |TAMS 0x0000000084a00000, 0x0000000084a00000| Untracked 
|  47|0x0000000084b00000, 0x0000000084b00000, 0x0000000084c00000|  0%| F|  |TAMS 0x0000000084b00000, 0x0000000084b00000| Untracked 
|  48|0x0000000084c00000, 0x0000000084c00000, 0x0000000084d00000|  0%| F|  |TAMS 0x0000000084c00000, 0x0000000084c00000| Untracked 
|  49|0x0000000084d00000, 0x0000000084d00000, 0x0000000084e00000|  0%| F|  |TAMS 0x0000000084d00000, 0x0000000084d00000| Untracked 
|  50|0x0000000084e00000, 0x0000000084e00000, 0x0000000084f00000|  0%| F|  |TAMS 0x0000000084e00000, 0x0000000084e00000| Untracked 
|  51|0x0000000084f00000, 0x0000000084f00000, 0x0000000085000000|  0%| F|  |TAMS 0x0000000084f00000, 0x0000000084f00000| Untracked 
|  52|0x0000000085000000, 0x0000000085000000, 0x0000000085100000|  0%| F|  |TAMS 0x0000000085000000, 0x0000000085000000| Untracked 
|  53|0x0000000085100000, 0x0000000085100000, 0x0000000085200000|  0%| F|  |TAMS 0x0000000085100000, 0x0000000085100000| Untracked 
|  54|0x0000000085200000, 0x0000000085200000, 0x0000000085300000|  0%| F|  |TAMS 0x0000000085200000, 0x0000000085200000| Untracked 
|  55|0x0000000085300000, 0x0000000085300000, 0x0000000085400000|  0%| F|  |TAMS 0x0000000085300000, 0x0000000085300000| Untracked 
|  56|0x0000000085400000, 0x0000000085400000, 0x0000000085500000|  0%| F|  |TAMS 0x0000000085400000, 0x0000000085400000| Untracked 
|  57|0x0000000085500000, 0x0000000085500000, 0x0000000085600000|  0%| F|  |TAMS 0x0000000085500000, 0x0000000085500000| Untracked 
|  58|0x0000000085600000, 0x0000000085600000, 0x0000000085700000|  0%| F|  |TAMS 0x0000000085600000, 0x0000000085600000| Untracked 
|  59|0x0000000085700000, 0x0000000085700000, 0x0000000085800000|  0%| F|  |TAMS 0x0000000085700000, 0x0000000085700000| Untracked 
|  60|0x0000000085800000, 0x0000000085800000, 0x0000000085900000|  0%| F|  |TAMS 0x0000000085800000, 0x0000000085800000| Untracked 
|  61|0x0000000085900000, 0x0000000085900000, 0x0000000085a00000|  0%| F|  |TAMS 0x0000000085900000, 0x0000000085900000| Untracked 
|  62|0x0000000085a00000, 0x0000000085a00000, 0x0000000085b00000|  0%| F|  |TAMS 0x0000000085a00000, 0x0000000085a00000| Untracked 
|  63|0x0000000085b00000, 0x0000000085b00000, 0x0000000085c00000|  0%| F|  |TAMS 0x0000000085b00000, 0x0000000085b00000| Untracked 
|  64|0x0000000085c00000, 0x0000000085c00000, 0x0000000085d00000|  0%| F|  |TAMS 0x0000000085c00000, 0x0000000085c00000| Untracked 
|  65|0x0000000085d00000, 0x0000000085d00000, 0x0000000085e00000|  0%| F|  |TAMS 0x0000000085d00000, 0x0000000085d00000| Untracked 
|  66|0x0000000085e00000, 0x0000000085e00000, 0x0000000085f00000|  0%| F|  |TAMS 0x0000000085e00000, 0x0000000085e00000| Untracked 
|  67|0x0000000085f00000, 0x0000000085f00000, 0x0000000086000000|  0%| F|  |TAMS 0x0000000085f00000, 0x0000000085f00000| Untracked 
|  68|0x0000000086000000, 0x0000000086000000, 0x0000000086100000|  0%| F|  |TAMS 0x0000000086000000, 0x0000000086000000| Untracked 
|  69|0x0000000086100000, 0x0000000086100000, 0x0000000086200000|  0%| F|  |TAMS 0x0000000086100000, 0x0000000086100000| Untracked 
|  70|0x0000000086200000, 0x0000000086200000, 0x0000000086300000|  0%| F|  |TAMS 0x0000000086200000, 0x0000000086200000| Untracked 
|  71|0x0000000086300000, 0x0000000086300000, 0x0000000086400000|  0%| F|  |TAMS 0x0000000086300000, 0x0000000086300000| Untracked 
|  72|0x0000000086400000, 0x0000000086400000, 0x0000000086500000|  0%| F|  |TAMS 0x0000000086400000, 0x0000000086400000| Untracked 
|  73|0x0000000086500000, 0x0000000086500000, 0x0000000086600000|  0%| F|  |TAMS 0x0000000086500000, 0x0000000086500000| Untracked 
|  74|0x0000000086600000, 0x0000000086600000, 0x0000000086700000|  0%| F|  |TAMS 0x0000000086600000, 0x0000000086600000| Untracked 
|  75|0x0000000086700000, 0x0000000086700000, 0x0000000086800000|  0%| F|  |TAMS 0x0000000086700000, 0x0000000086700000| Untracked 
|  76|0x0000000086800000, 0x0000000086800000, 0x0000000086900000|  0%| F|  |TAMS 0x0000000086800000, 0x0000000086800000| Untracked 
|  77|0x0000000086900000, 0x0000000086900000, 0x0000000086a00000|  0%| F|  |TAMS 0x0000000086900000, 0x0000000086900000| Untracked 
|  78|0x0000000086a00000, 0x0000000086a00000, 0x0000000086b00000|  0%| F|  |TAMS 0x0000000086a00000, 0x0000000086a00000| Untracked 
|  79|0x0000000086b00000, 0x0000000086b00000, 0x0000000086c00000|  0%| F|  |TAMS 0x0000000086b00000, 0x0000000086b00000| Untracked 
|  80|0x0000000086c00000, 0x0000000086c00000, 0x0000000086d00000|  0%| F|  |TAMS 0x0000000086c00000, 0x0000000086c00000| Untracked 
|  81|0x0000000086d00000, 0x0000000086d00000, 0x0000000086e00000|  0%| F|  |TAMS 0x0000000086d00000, 0x0000000086d00000| Untracked 
|  82|0x0000000086e00000, 0x0000000086e00000, 0x0000000086f00000|  0%| F|  |TAMS 0x0000000086e00000, 0x0000000086e00000| Untracked 
|  83|0x0000000086f00000, 0x0000000086f00000, 0x0000000087000000|  0%| F|  |TAMS 0x0000000086f00000, 0x0000000086f00000| Untracked 
|  84|0x0000000087000000, 0x0000000087000000, 0x0000000087100000|  0%| F|  |TAMS 0x0000000087000000, 0x0000000087000000| Untracked 
|  85|0x0000000087100000, 0x0000000087100000, 0x0000000087200000|  0%| F|  |TAMS 0x0000000087100000, 0x0000000087100000| Untracked 
|  86|0x0000000087200000, 0x0000000087200000, 0x0000000087300000|  0%| F|  |TAMS 0x0000000087200000, 0x0000000087200000| Untracked 
|  87|0x0000000087300000, 0x0000000087300000, 0x0000000087400000|  0%| F|  |TAMS 0x0000000087300000, 0x0000000087300000| Untracked 
|  88|0x0000000087400000, 0x0000000087400000, 0x0000000087500000|  0%| F|  |TAMS 0x0000000087400000, 0x0000000087400000| Untracked 
|  89|0x0000000087500000, 0x0000000087500000, 0x0000000087600000|  0%| F|  |TAMS 0x0000000087500000, 0x0000000087500000| Untracked 
|  90|0x0000000087600000, 0x0000000087600000, 0x0000000087700000|  0%| F|  |TAMS 0x0000000087600000, 0x0000000087600000| Untracked 
|  91|0x0000000087700000, 0x0000000087700000, 0x0000000087800000|  0%| F|  |TAMS 0x0000000087700000, 0x0000000087700000| Untracked 
|  92|0x0000000087800000, 0x0000000087800000, 0x0000000087900000|  0%| F|  |TAMS 0x0000000087800000, 0x0000000087800000| Untracked 
|  93|0x0000000087900000, 0x0000000087900000, 0x0000000087a00000|  0%| F|  |TAMS 0x0000000087900000, 0x0000000087900000| Untracked 
|  94|0x0000000087a00000, 0x0000000087a00000, 0x0000000087b00000|  0%| F|  |TAMS 0x0000000087a00000, 0x0000000087a00000| Untracked 
|  95|0x0000000087b00000, 0x0000000087b00000, 0x0000000087c00000|  0%| F|  |TAMS 0x0000000087b00000, 0x0000000087b00000| Untracked 
|  96|0x0000000087c00000, 0x0000000087c00000, 0x0000000087d00000|  0%| F|  |TAMS 0x0000000087c00000, 0x0000000087c00000| Untracked 
|  97|0x0000000087d00000, 0x0000000087d00000, 0x0000000087e00000|  0%| F|  |TAMS 0x0000000087d00000, 0x0000000087d00000| Untracked 
|  98|0x0000000087e00000, 0x0000000087e00000, 0x0000000087f00000|  0%| F|  |TAMS 0x0000000087e00000, 0x0000000087e00000| Untracked 
|  99|0x0000000087f00000, 0x0000000087f00000, 0x0000000088000000|  0%| F|  |TAMS 0x0000000087f00000, 0x0000000087f00000| Untracked 
| 100|0x0000000088000000, 0x0000000088000000, 0x0000000088100000|  0%| F|  |TAMS 0x0000000088000000, 0x0000000088000000| Untracked 
| 101|0x0000000088100000, 0x0000000088100000, 0x0000000088200000|  0%| F|  |TAMS 0x0000000088100000, 0x0000000088100000| Untracked 
| 102|0x0000000088200000, 0x0000000088200000, 0x0000000088300000|  0%| F|  |TAMS 0x0000000088200000, 0x0000000088200000| Untracked 
| 103|0x0000000088300000, 0x0000000088300000, 0x0000000088400000|  0%| F|  |TAMS 0x0000000088300000, 0x0000000088300000| Untracked 
| 104|0x0000000088400000, 0x0000000088400000, 0x0000000088500000|  0%| F|  |TAMS 0x0000000088400000, 0x0000000088400000| Untracked 
| 105|0x0000000088500000, 0x0000000088500000, 0x0000000088600000|  0%| F|  |TAMS 0x0000000088500000, 0x0000000088500000| Untracked 
| 106|0x0000000088600000, 0x0000000088600000, 0x0000000088700000|  0%| F|  |TAMS 0x0000000088600000, 0x0000000088600000| Untracked 
| 107|0x0000000088700000, 0x0000000088700000, 0x0000000088800000|  0%| F|  |TAMS 0x0000000088700000, 0x0000000088700000| Untracked 
| 108|0x0000000088800000, 0x0000000088800000, 0x0000000088900000|  0%| F|  |TAMS 0x0000000088800000, 0x0000000088800000| Untracked 
| 109|0x0000000088900000, 0x0000000088900000, 0x0000000088a00000|  0%| F|  |TAMS 0x0000000088900000, 0x0000000088900000| Untracked 
| 110|0x0000000088a00000, 0x0000000088a00000, 0x0000000088b00000|  0%| F|  |TAMS 0x0000000088a00000, 0x0000000088a00000| Untracked 
| 111|0x0000000088b00000, 0x0000000088b00000, 0x0000000088c00000|  0%| F|  |TAMS 0x0000000088b00000, 0x0000000088b00000| Untracked 
| 112|0x0000000088c00000, 0x0000000088d00000, 0x0000000088d00000|100%| S|CS|TAMS 0x0000000088c00000, 0x0000000088c00000| Complete 
| 113|0x0000000088d00000, 0x0000000088e00000, 0x0000000088e00000|100%| S|CS|TAMS 0x0000000088d00000, 0x0000000088d00000| Complete 
| 114|0x0000000088e00000, 0x0000000088e00000, 0x0000000088f00000|  0%| F|  |TAMS 0x0000000088e00000, 0x0000000088e00000| Untracked 
| 115|0x0000000088f00000, 0x0000000088f00000, 0x0000000089000000|  0%| F|  |TAMS 0x0000000088f00000, 0x0000000088f00000| Untracked 
| 116|0x0000000089000000, 0x0000000089000000, 0x0000000089100000|  0%| F|  |TAMS 0x0000000089000000, 0x0000000089000000| Untracked 
| 117|0x0000000089100000, 0x0000000089100000, 0x0000000089200000|  0%| F|  |TAMS 0x0000000089100000, 0x0000000089100000| Untracked 
| 118|0x0000000089200000, 0x0000000089200000, 0x0000000089300000|  0%| F|  |TAMS 0x0000000089200000, 0x0000000089200000| Untracked 
| 119|0x0000000089300000, 0x0000000089300000, 0x0000000089400000|  0%| F|  |TAMS 0x0000000089300000, 0x0000000089300000| Untracked 
| 120|0x0000000089400000, 0x0000000089400000, 0x0000000089500000|  0%| F|  |TAMS 0x0000000089400000, 0x0000000089400000| Untracked 
| 121|0x0000000089500000, 0x0000000089500000, 0x0000000089600000|  0%| F|  |TAMS 0x0000000089500000, 0x0000000089500000| Untracked 
| 122|0x0000000089600000, 0x0000000089600000, 0x0000000089700000|  0%| F|  |TAMS 0x0000000089600000, 0x0000000089600000| Untracked 
| 123|0x0000000089700000, 0x0000000089700000, 0x0000000089800000|  0%| F|  |TAMS 0x0000000089700000, 0x0000000089700000| Untracked 
| 124|0x0000000089800000, 0x0000000089800000, 0x0000000089900000|  0%| F|  |TAMS 0x0000000089800000, 0x0000000089800000| Untracked 
| 125|0x0000000089900000, 0x000000008999a2c8, 0x0000000089a00000| 60%| E|  |TAMS 0x0000000089900000, 0x0000000089900000| Complete 
| 126|0x0000000089a00000, 0x0000000089b00000, 0x0000000089b00000|100%| E|CS|TAMS 0x0000000089a00000, 0x0000000089a00000| Complete 
| 127|0x0000000089b00000, 0x0000000089c00000, 0x0000000089c00000|100%| E|CS|TAMS 0x0000000089b00000, 0x0000000089b00000| Complete 

Card table byte_map: [0x00000291f6030000,0x00000291f6430000] _byte_map_base: 0x00000291f5c22000

Marking Bits (Prev, Next): (CMBitMap*) 0x00000291e13813f8, (CMBitMap*) 0x00000291e1381430
 Prev Bits: [0x00000291f6830000, 0x00000291f87c0000)
 Next Bits: [0x00000291f87c0000, 0x00000291fa750000)

Polling page: 0x00000291e1420000

Metaspace:

Usage:
  Non-class:      7.22 MB capacity,     7.11 MB ( 99%) used,   101.97 KB (  1%) free+waste,     6.13 KB ( <1%) overhead. 
      Class:    786.00 KB capacity,   716.25 KB ( 91%) used,    66.88 KB (  9%) free+waste,     2.88 KB ( <1%) overhead. 
       Both:      7.99 MB capacity,     7.81 MB ( 98%) used,   168.84 KB (  2%) free+waste,     9.00 KB ( <1%) overhead. 

Virtual space:
  Non-class space:        8.00 MB reserved,       7.25 MB ( 91%) committed 
      Class space:        1.00 GB reserved,     896.00 KB ( <1%) committed 
             Both:        1.01 GB reserved,       8.13 MB ( <1%) committed 

Chunk freelists:
   Non-Class:  33.00 KB
       Class:  14.00 KB
        Both:  47.00 KB

MaxMetaspaceSize: 17179869184.00 GB
CompressedClassSpaceSize: 1.00 GB

CodeHeap 'non-profiled nmethods': size=120064Kb used=197Kb max_used=197Kb free=119866Kb
 bounds [0x00000291ee0c0000, 0x00000291ee330000, 0x00000291f5600000]
CodeHeap 'profiled nmethods': size=120000Kb used=1149Kb max_used=1149Kb free=118850Kb
 bounds [0x00000291e6b90000, 0x00000291e6e00000, 0x00000291ee0c0000]
CodeHeap 'non-nmethods': size=5696Kb used=1061Kb max_used=1077Kb free=4634Kb
 bounds [0x00000291e6600000, 0x00000291e6870000, 0x00000291e6b90000]
 total_blobs=1003 nmethods=646 adapters=269
 compilation: enabled
              stopped_count=0, restarted_count=0
 full_count=0

Compilation events (20 events):
Event: 2.831 Thread 0x00000291fcdc6000  631       3       java.util.zip.ZipFile$Source::initCEN (658 bytes)
Event: 2.838 Thread 0x00000291fcdc6000 nmethod 631 0x00000291e6ca2610 code [0x00000291e6ca2c60, 0x00000291e6ca66d8]
Event: 2.839 Thread 0x00000291fcdc6000  632       3       java.lang.Character::digit (6 bytes)
Event: 2.839 Thread 0x00000291fcdc6000 nmethod 632 0x00000291e6ca8110 code [0x00000291e6ca82e0, 0x00000291e6ca8518]
Event: 2.839 Thread 0x00000291fcdc6000  633       3       java.lang.Character::digit (10 bytes)
Event: 2.839 Thread 0x00000291fcdc6000 nmethod 633 0x00000291e6ca8610 code [0x00000291e6ca87e0, 0x00000291e6ca89b8]
Event: 2.850 Thread 0x00000291fcdc6000  634       3       jdk.internal.util.jar.JarIndex::addMapping (21 bytes)
Event: 2.851 Thread 0x00000291fcdc6000 nmethod 634 0x00000291e6ca8a90 code [0x00000291e6ca8c60, 0x00000291e6ca8df8]
Event: 2.853 Thread 0x00000291fcdc6000  635       3       java.util.jar.JarFile$1::apply (9 bytes)
Event: 2.853 Thread 0x00000291fcdc6000 nmethod 635 0x00000291e6ca8f10 code [0x00000291e6ca9100, 0x00000291e6ca9588]
Event: 2.854 Thread 0x00000291fcdc6000  636       3       java.util.jar.JarFile$1::apply (13 bytes)
Event: 2.854 Thread 0x00000291fcdc6000 nmethod 636 0x00000291e6ca9710 code [0x00000291e6ca98e0, 0x00000291e6ca9c08]
Event: 2.854 Thread 0x00000291fcdc6000  637       3       java.util.jar.JarFile$JarFileEntry::<init> (16 bytes)
Event: 2.854 Thread 0x00000291fcdc6000 nmethod 637 0x00000291e6ca9d90 code [0x00000291e6ca9f60, 0x00000291e6caa1c8]
Event: 2.857 Thread 0x00000291fcdc6000  638       3       java.nio.CharBuffer::position (6 bytes)
Event: 2.857 Thread 0x00000291fcdc6000 nmethod 638 0x00000291e6caa290 code [0x00000291e6caa460, 0x00000291e6caa608]
Event: 2.857 Thread 0x00000291fcdc6000  639       3       java.nio.CharBuffer::position (8 bytes)
Event: 2.857 Thread 0x00000291fcdc6000 nmethod 639 0x00000291e6caa710 code [0x00000291e6caa8c0, 0x00000291e6caaa08]
Event: 2.858 Thread 0x00000291fcdc4000  640       4       java.lang.String::toLowerCase (29 bytes)
Event: 2.862 Thread 0x00000291fcdc6000  642       3       java.io.WinNTFileSystem::normalizePrefix (132 bytes)

GC Heap History (2 events):
Event: 2.369 GC heap before
{Heap before GC invocations=0 (full 0):
 garbage-first heap   total 131072K, used 16384K [0x0000000081c00000, 0x0000000100000000)
  region size 1024K, 14 young (14336K), 0 survivors (0K)
 Metaspace       used 7941K, capacity 8113K, committed 8320K, reserved 1056768K
  class space    used 716K, capacity 786K, committed 896K, reserved 1048576K
}
Event: 2.719 GC heap after
{Heap after GC invocations=1 (full 0):
 garbage-first heap   total 131072K, used 3372K [0x0000000081c00000, 0x0000000100000000)
  region size 1024K, 2 young (2048K), 2 survivors (2048K)
 Metaspace       used 7941K, capacity 8113K, committed 8320K, reserved 1056768K
  class space    used 716K, capacity 786K, committed 896K, reserved 1048576K
}

Deoptimization events (20 events):
Event: 2.034 Thread 0x00000291e1341000 Uncommon trap: trap_request=0xffffffde fr.pc=0x00000291ee0e479c relative=0x0000000000000efc
Event: 2.034 Thread 0x00000291e1341000 Uncommon trap: reason=class_check action=maybe_recompile pc=0x00000291ee0e479c method=java.util.HashMap.putVal(ILjava/lang/Object;Ljava/lang/Object;ZZ)Ljava/lang/Object; @ 91 c2
Event: 2.034 Thread 0x00000291e1341000 DEOPT PACKING pc=0x00000291ee0e479c sp=0x000000ad242f98a0
Event: 2.034 Thread 0x00000291e1341000 DEOPT UNPACKING pc=0x00000291e66278af sp=0x000000ad242f9830 mode 2
Event: 2.138 Thread 0x00000291e1341000 Uncommon trap: trap_request=0xffffffde fr.pc=0x00000291ee0e4858 relative=0x0000000000000fb8
Event: 2.138 Thread 0x00000291e1341000 Uncommon trap: reason=class_check action=maybe_recompile pc=0x00000291ee0e4858 method=java.util.HashMap.putVal(ILjava/lang/Object;Ljava/lang/Object;ZZ)Ljava/lang/Object; @ 203 c2
Event: 2.138 Thread 0x00000291e1341000 DEOPT PACKING pc=0x00000291ee0e4858 sp=0x000000ad242f98a0
Event: 2.138 Thread 0x00000291e1341000 DEOPT UNPACKING pc=0x00000291e66278af sp=0x000000ad242f9830 mode 2
Event: 2.153 Thread 0x00000291e1341000 Uncommon trap: trap_request=0xffffffde fr.pc=0x00000291ee0e4858 relative=0x0000000000000fb8
Event: 2.153 Thread 0x00000291e1341000 Uncommon trap: reason=class_check action=maybe_recompile pc=0x00000291ee0e4858 method=java.util.HashMap.putVal(ILjava/lang/Object;Ljava/lang/Object;ZZ)Ljava/lang/Object; @ 203 c2
Event: 2.153 Thread 0x00000291e1341000 DEOPT PACKING pc=0x00000291ee0e4858 sp=0x000000ad242f98a0
Event: 2.153 Thread 0x00000291e1341000 DEOPT UNPACKING pc=0x00000291e66278af sp=0x000000ad242f9830 mode 2
Event: 2.170 Thread 0x00000291e1341000 DEOPT PACKING pc=0x00000291e6bcfc68 sp=0x000000ad242f6480
Event: 2.170 Thread 0x00000291e1341000 DEOPT UNPACKING pc=0x00000291e66276ce sp=0x000000ad242f5950 mode 0
Event: 2.357 Thread 0x00000291e1341000 DEOPT PACKING pc=0x00000291e6c63122 sp=0x000000ad242fa2f0
Event: 2.357 Thread 0x00000291e1341000 DEOPT UNPACKING pc=0x00000291e66276ce sp=0x000000ad242f9758 mode 0
Event: 2.727 Thread 0x00000291e1341000 Uncommon trap: trap_request=0xffffffde fr.pc=0x00000291ee0e479c relative=0x0000000000000efc
Event: 2.727 Thread 0x00000291e1341000 Uncommon trap: reason=class_check action=maybe_recompile pc=0x00000291ee0e479c method=java.util.HashMap.putVal(ILjava/lang/Object;Ljava/lang/Object;ZZ)Ljava/lang/Object; @ 91 c2
Event: 2.727 Thread 0x00000291e1341000 DEOPT PACKING pc=0x00000291ee0e479c sp=0x000000ad242fa460
Event: 2.727 Thread 0x00000291e1341000 DEOPT UNPACKING pc=0x00000291e66278af sp=0x000000ad242fa3f0 mode 2

Classes redefined (0 events):
No events

Internal exceptions (3 events):
Event: 0.468 Thread 0x00000291e1341000 Exception <a 'java/lang/NoSuchMethodError'{0x0000000089a8b800}: 'int java.lang.invoke.DirectMethodHandle$Holder.invokeSpecialIFC(java.lang.Object, java.lang.Object, int)'> (0x0000000089a8b800) thrown at [./src/hotspot/share/interpreter/linkResolver.cpp, line 773]
Event: 0.706 Thread 0x00000291e1341000 Exception <a 'java/lang/NoSuchMethodError'{0x000000008981aa08}: 'int java.lang.invoke.DirectMethodHandle$Holder.invokeStaticInit(java.lang.Object, java.lang.Object)'> (0x000000008981aa08) thrown at [./src/hotspot/share/interpreter/linkResolver.cpp, line 773]
Event: 0.787 Thread 0x00000291e1341000 Exception <a 'java/lang/NoSuchMethodError'{0x00000000898ef660}: 'int java.lang.invoke.DirectMethodHandle$Holder.invokeSpecial(java.lang.Object, java.lang.Object, java.lang.Object, java.lang.Object)'> (0x00000000898ef660) thrown at [./src/hotspot/share/interpreter/linkResolver.cpp, line 773]

Events (20 events):
Event: 2.722 Executing VM operation: RevokeBias
Event: 2.722 Executing VM operation: RevokeBias done
Event: 2.722 Executing VM operation: RevokeBias
Event: 2.722 Executing VM operation: RevokeBias done
Event: 2.722 Executing VM operation: RevokeBias
Event: 2.723 Executing VM operation: RevokeBias done
Event: 2.723 Executing VM operation: RevokeBias
Event: 2.723 Executing VM operation: RevokeBias done
Event: 2.723 Executing VM operation: RevokeBias
Event: 2.723 Executing VM operation: RevokeBias done
Event: 2.723 Executing VM operation: RevokeBias
Event: 2.723 Executing VM operation: RevokeBias done
Event: 2.723 Executing VM operation: RevokeBias
Event: 2.723 Executing VM operation: RevokeBias done
Event: 2.723 Executing VM operation: RevokeBias
Event: 2.723 Executing VM operation: RevokeBias done
Event: 2.724 Executing VM operation: RevokeBias
Event: 2.724 Executing VM operation: RevokeBias done
Event: 2.724 Executing VM operation: RevokeBias
Event: 2.724 Executing VM operation: RevokeBias done


Dynamic libraries:
0x00007ff7cda80000 - 0x00007ff7cda8a000 	C:\Program Files\Android\Android Studio\jre\bin\java.exe
0x00007ffec7e20000 - 0x00007ffec8029000 	C:\Windows\SYSTEM32\ntdll.dll
0x00007ffec6da0000 - 0x00007ffec6e5d000 	C:\Windows\System32\KERNEL32.DLL
0x00007ffec5320000 - 0x00007ffec569b000 	C:\Windows\System32\KERNELBASE.dll
0x00007ffec56a0000 - 0x00007ffec57b1000 	C:\Windows\System32\ucrtbase.dll
0x00007ffeb4eb0000 - 0x00007ffeb4ec7000 	C:\Program Files\Android\Android Studio\jre\bin\VCRUNTIME140.dll
0x00007ffeb1120000 - 0x00007ffeb1139000 	C:\Program Files\Android\Android Studio\jre\bin\jli.dll
0x00007ffec5d60000 - 0x00007ffec5f0d000 	C:\Windows\System32\USER32.dll
0x00007ffec52f0000 - 0x00007ffec5316000 	C:\Windows\System32\win32u.dll
0x00007ffeb2ec0000 - 0x00007ffeb3165000 	C:\Windows\WinSxS\amd64_microsoft.windows.common-controls_6595b64144ccf1df_6.0.22000.120_none_9d947278b86cc467\COMCTL32.dll
0x00007ffec7080000 - 0x00007ffec70a9000 	C:\Windows\System32\GDI32.dll
0x00007ffec66d0000 - 0x00007ffec6773000 	C:\Windows\System32\msvcrt.dll
0x00007ffec5a60000 - 0x00007ffec5b78000 	C:\Windows\System32\gdi32full.dll
0x00007ffec5b80000 - 0x00007ffec5c1d000 	C:\Windows\System32\msvcp_win.dll
0x00007ffec65a0000 - 0x00007ffec65d1000 	C:\Windows\System32\IMM32.DLL
0x00007ffe91030000 - 0x00007ffe910cd000 	C:\Program Files\Android\Android Studio\jre\bin\msvcp140.dll
0x00007ffe5b2b0000 - 0x00007ffe5bd7f000 	C:\Program Files\Android\Android Studio\jre\bin\server\jvm.dll
0x00007ffec72e0000 - 0x00007ffec738e000 	C:\Windows\System32\ADVAPI32.dll
0x00007ffec7130000 - 0x00007ffec71ce000 	C:\Windows\System32\sechost.dll
0x00007ffec6380000 - 0x00007ffec64a0000 	C:\Windows\System32\RPCRT4.dll
0x00007ffec6d90000 - 0x00007ffec6d98000 	C:\Windows\System32\PSAPI.DLL
0x00007ffec1440000 - 0x00007ffec1449000 	C:\Windows\SYSTEM32\WSOCK32.dll
0x00007ffec5f20000 - 0x00007ffec5f8f000 	C:\Windows\System32\WS2_32.dll
0x00007ffeb8b70000 - 0x00007ffeb8ba3000 	C:\Windows\SYSTEM32\WINMM.dll
0x00007ffeba260000 - 0x00007ffeba26a000 	C:\Windows\SYSTEM32\VERSION.dll
0x00007ffec43e0000 - 0x00007ffec43f8000 	C:\Windows\SYSTEM32\kernel.appcore.dll
0x00007ffeae990000 - 0x00007ffeae9a1000 	C:\Program Files\Android\Android Studio\jre\bin\verify.dll
0x00007ffebfe30000 - 0x00007ffec0051000 	C:\Windows\SYSTEM32\DBGHELP.DLL
0x00007ffeb73d0000 - 0x00007ffeb7401000 	C:\Windows\SYSTEM32\dbgcore.DLL
0x00007ffec5c20000 - 0x00007ffec5c9f000 	C:\Windows\System32\bcryptPrimitives.dll
0x00007ffea4590000 - 0x00007ffea45b9000 	C:\Program Files\Android\Android Studio\jre\bin\java.dll
0x00007ffeb58f0000 - 0x00007ffeb58fb000 	C:\Program Files\Android\Android Studio\jre\bin\jimage.dll
0x00007ffeadc60000 - 0x00007ffeadc78000 	C:\Program Files\Android\Android Studio\jre\bin\zip.dll
0x00007ffec7520000 - 0x00007ffec7cd8000 	C:\Windows\System32\SHELL32.dll
0x00007ffec33e0000 - 0x00007ffec3c45000 	C:\Windows\SYSTEM32\windows.storage.dll
0x00007ffec5f90000 - 0x00007ffec6307000 	C:\Windows\System32\combase.dll
0x00007ffec3270000 - 0x00007ffec33d6000 	C:\Windows\SYSTEM32\wintypes.dll
0x00007ffec65e0000 - 0x00007ffec66ca000 	C:\Windows\System32\SHCORE.dll
0x00007ffec6e60000 - 0x00007ffec6ebd000 	C:\Windows\System32\shlwapi.dll
0x00007ffec5220000 - 0x00007ffec5241000 	C:\Windows\SYSTEM32\profapi.dll
0x00007ffeb4480000 - 0x00007ffeb449a000 	C:\Program Files\Android\Android Studio\jre\bin\net.dll
0x00007ffebf650000 - 0x00007ffebf75c000 	C:\Windows\SYSTEM32\WINHTTP.dll
0x00007ffec4900000 - 0x00007ffec4967000 	C:\Windows\system32\mswsock.dll
0x00007ffeb4460000 - 0x00007ffeb4474000 	C:\Program Files\Android\Android Studio\jre\bin\nio.dll

dbghelp: loaded successfully - version: 4.0.5 - missing functions: none
symbol engine: initialized successfully - sym options: 0x614 - pdb path: .;C:\Program Files\Android\Android Studio\jre\bin;C:\Windows\SYSTEM32;C:\Windows\WinSxS\amd64_microsoft.windows.common-controls_6595b64144ccf1df_6.0.22000.120_none_9d947278b86cc467;C:\Program Files\Android\Android Studio\jre\bin\server

VM Arguments:
jvm_args: -Dorg.gradle.appname=gradlew 
java_command: org.gradle.wrapper.GradleWrapperMain -q -Ptarget-platform=android-arm -Ptarget=C:\Users\Vyacheslav Kovalchuk\Desktop\Templates\traver_app\lib\main.dart -Pbase-application-name=android.app.Application -Pdart-defines=RkxVVFRFUl9XRUJfQVVUT19ERVRFQ1Q9dHJ1ZQ== -Pdart-obfuscation=false -Ptrack-widget-creation=true -Ptree-shake-icons=false -Pfilesystem-scheme=org-dartlang-root assembleDebug
java_class_path (initial): C:\Users\Vyacheslav Kovalchuk\Desktop\Templates\traver_app\android\\gradle\wrapper\gradle-wrapper.jar
Launcher Type: SUN_STANDARD

[Global flags]
     intx CICompilerCount                          = 3                                         {product} {ergonomic}
     uint ConcGCThreads                            = 1                                         {product} {ergonomic}
     uint G1ConcRefinementThreads                  = 4                                         {product} {ergonomic}
   size_t G1HeapRegionSize                         = 1048576                                   {product} {ergonomic}
    uintx GCDrainStackTargetSize                   = 64                                        {product} {ergonomic}
   size_t InitialHeapSize                          = 134217728                                 {product} {ergonomic}
   size_t MarkStackSize                            = 4194304                                   {product} {ergonomic}
   size_t MaxHeapSize                              = 2118123520                                {product} {ergonomic}
   size_t MaxNewSize                               = 1270874112                                {product} {ergonomic}
   size_t MinHeapDeltaBytes                        = 1048576                                   {product} {ergonomic}
    uintx NonNMethodCodeHeapSize                   = 5830732                                {pd product} {ergonomic}
    uintx NonProfiledCodeHeapSize                  = 122913754                              {pd product} {ergonomic}
    uintx ProfiledCodeHeapSize                     = 122913754                              {pd product} {ergonomic}
    uintx ReservedCodeCacheSize                    = 251658240                              {pd product} {ergonomic}
     bool SegmentedCodeCache                       = true                                      {product} {ergonomic}
     bool UseCompressedClassPointers               = true                                 {lp64_product} {ergonomic}
     bool UseCompressedOops                        = true                                 {lp64_product} {ergonomic}
     bool UseG1GC                                  = true                                      {product} {ergonomic}
     bool UseLargePagesIndividualAllocation        = false                                  {pd product} {ergonomic}

Logging:
Log output configuration:
 #0: stdout all=warning uptime,level,tags
 #1: stderr all=off uptime,level,tags

Environment Variables:
JAVA_HOME=C:\Program Files\Android\Android Studio\jre
CLASSPATH=C:\Users\Vyacheslav Kovalchuk\Desktop\Templates\traver_app\android\\gradle\wrapper\gradle-wrapper.jar
PATH=C:\Program Files\OpenJDK\jdk-8.0.262.10-hotspot\bin;C:\Program Files (x86)\Intel\Intel(R) Management Engine Components\iCLS\;C:\Program Files\Intel\Intel(R) Management Engine Components\iCLS\;C:\Windows\system32;C:\Windows;C:\Windows\System32\Wbem;C:\Windows\System32\WindowsPowerShell\v1.0\;C:\Windows\System32\OpenSSH\;C:\Program Files (x86)\Intel\Intel(R) Management Engine Components\DAL;C:\Program Files\Intel\Intel(R) Management Engine Components\DAL;C:\Program Files (x86)\Intel\Intel(R) Management Engine Components\IPT;C:\Program Files\Intel\Intel(R) Management Engine Components\IPT;C:\Program Files\Git\cmd;C:\FPC\3.2.2\bin\i386-Win32;C:\Program Files\Docker\Docker\resources\bin;C:\ProgramData\DockerDesktop\version-bin;C:\Users\Vyacheslav Kovalchuk\AppData\Local\Programs\Python\Python310\Scripts\;C:\Users\Vyacheslav Kovalchuk\AppData\Local\Programs\Python\Python310\;C:\Users\Vyacheslav Kovalchuk\AppData\Local\Microsoft\WindowsApps;C:\Gradle\gradle-7.2\bin;C:\Users\Vyacheslav Kovalchuk\Documents\flutter\bin;;C:\Program Files\JetBrains\PyCharm Community Edition 2021.3.2\bin;;C:\Users\Vyacheslav Kovalchuk\AppData\Local\Programs\Microsoft VS Code\bin;C:\src\flutter\bin\mingit\cmd
USERNAME=Vyacheslav Kovalchuk
OS=Windows_NT
PROCESSOR_IDENTIFIER=Intel64 Family 6 Model 60 Stepping 3, GenuineIntel



---------------  S Y S T E M  ---------------

OS: Windows 10 , 64 bit Build 22000 (10.0.22000.708)
OS uptime: 0 days 5:56 hours
Hyper-V role detected

CPU:total 4 (initial active 4) (2 cores per cpu, 2 threads per core) family 6 model 60 stepping 3 microcode 0x28, cmov, cx8, fxsr, mmx, sse, sse2, sse3, ssse3, sse4.1, sse4.2, popcnt, avx, avx2, aes, clmul, erms, lzcnt, ht, tsc, tscinvbit, bmi1, bmi2, fma

Memory: 4k page, system-wide physical 8073M (245M free)
TotalPageFile size 12169M (AvailPageFile size 0M)
current process WorkingSet (physical memory assigned to process): 65M, peak: 65M
current process commit charge ("private bytes"): 206M, peak: 206M

vm_info: OpenJDK 64-Bit Server VM (11.0.10+0-b96-7249189) for windows-amd64 JRE (11.0.10+0-b96-7249189), built on Mar 31 2021 21:44:00 by "builder" with MS VC++ 14.0 (VS2015)

END.
